[2021-07-30 04:30:17] local.ERROR: htmlspecialchars() expects parameter 1 to be string, object given (View: /home/dev/Documents/laravel/test.salemhokei.kz/resources/views/app/layout/components/header.blade.php) (View: /home/dev/Documents/laravel/test.salemhokei.kz/resources/views/app/layout/components/header.blade.php) (View: /home/dev/Documents/laravel/test.salemhokei.kz/resources/views/app/layout/components/header.blade.php) {"userId":15,"exception":"[object] (ErrorException(code: 0): htmlspecialchars() expects parameter 1 to be string, object given (View: /home/dev/Documents/laravel/test.salemhokei.kz/resources/views/app/layout/components/header.blade.php) (View: /home/dev/Documents/laravel/test.salemhokei.kz/resources/views/app/layout/components/header.blade.php) (View: /home/dev/Documents/laravel/test.salemhokei.kz/resources/views/app/layout/components/header.blade.php) at /home/dev/Documents/laravel/test.salemhokei.kz/vendor/laravel/framework/src/Illuminate/Support/helpers.php:613, ErrorException(code: 0): htmlspecialchars() expects parameter 1 to be string, object given (View: /home/dev/Documents/laravel/test.salemhokei.kz/resources/views/app/layout/components/header.blade.php) (View: /home/dev/Documents/laravel/test.salemhokei.kz/resources/views/app/layout/components/header.blade.php) at /home/dev/Documents/laravel/test.salemhokei.kz/vendor/laravel/framework/src/Illuminate/Support/helpers.php:613, ErrorException(code: 0): htmlspecialchars() expects parameter 1 to be string, object given (View: /home/dev/Documents/laravel/test.salemhokei.kz/resources/views/app/layout/components/header.blade.php) at /home/dev/Documents/laravel/test.salemhokei.kz/vendor/laravel/framework/src/Illuminate/Support/helpers.php:613, ErrorException(code: 0): htmlspecialchars() expects parameter 1 to be string, object given at /home/dev/Documents/laravel/test.salemhokei.kz/vendor/laravel/framework/src/Illuminate/Support/helpers.php:613)
[stacktrace]
#0 /home/dev/Documents/laravel/test.salemhokei.kz/vendor/laravel/framework/src/Illuminate/View/Engines/PhpEngine.php(45): Illuminate\\View\\Engines\\CompilerEngine->handleViewException()
#1 /home/dev/Documents/laravel/test.salemhokei.kz/vendor/laravel/framework/src/Illuminate/View/Engines/CompilerEngine.php(59): Illuminate\\View\\Engines\\PhpEngine->evaluatePath()
#2 /home/dev/Documents/laravel/test.salemhokei.kz/vendor/laravel/framework/src/Illuminate/View/View.php(142): Illuminate\\View\\Engines\\CompilerEngine->get()
#3 /home/dev/Documents/laravel/test.salemhokei.kz/vendor/laravel/framework/src/Illuminate/View/View.php(125): Illuminate\\View\\View->getContents()
#4 /home/dev/Documents/laravel/test.salemhokei.kz/vendor/laravel/framework/src/Illuminate/View/View.php(90): Illuminate\\View\\View->renderContents()
#5 /home/dev/Documents/laravel/test.salemhokei.kz/vendor/laravel/framework/src/Illuminate/Http/Response.php(42): Illuminate\\View\\View->render()
#6 /home/dev/Documents/laravel/test.salemhokei.kz/vendor/symfony/http-foundation/Response.php(205): Illuminate\\Http\\Response->setContent()
#7 /home/dev/Documents/laravel/test.salemhokei.kz/vendor/laravel/framework/src/Illuminate/Routing/Router.php(748): Symfony\\Component\\HttpFoundation\\Response->__construct()
#8 /home/dev/Documents/laravel/test.salemhokei.kz/vendor/laravel/framework/src/Illuminate/Routing/Router.php(720): Illuminate\\Routing\\Router::toResponse()
#9 /home/dev/Documents/laravel/test.salemhokei.kz/vendor/laravel/framework/src/Illuminate/Routing/Router.php(680): Illuminate\\Routing\\Router->prepareResponse()
#10 /home/dev/Documents/laravel/test.salemhokei.kz/vendor/laravel/framework/src/Illuminate/Routing/Pipeline.php(30): Illuminate\\Routing\\Router->Illuminate\\Routing\\{closure}()
#11 /home/dev/Documents/laravel/test.salemhokei.kz/app/Http/Middleware/GenerateMenus.php(53): Illuminate\\Routing\\Pipeline->Illuminate\\Routing\\{closure}()
#12 /home/dev/Documents/laravel/test.salemhokei.kz/vendor/laravel/framework/src/Illuminate/Pipeline/Pipeline.php(163): App\\Http\\Middleware\\GenerateMenus->handle()
#13 /home/dev/Documents/laravel/test.salemhokei.kz/vendor/laravel/framework/src/Illuminate/Routing/Pipeline.php(53): Illuminate\\Pipeline\\Pipeline->Illuminate\\Pipeline\\{closure}()
#14 /home/dev/Documents/laravel/test.salemhokei.kz/vendor/laravel/framework/src/Illuminate/Routing/Middleware/SubstituteBindings.php(41): Illuminate\\Routing\\Pipeline->Illuminate\\Routing\\{closure}()
#15 /home/dev/Documents/laravel/test.salemhokei.kz/vendor/laravel/framework/src/Illuminate/Pipeline/Pipeline.php(163): Illuminate\\Routing\\Middleware\\SubstituteBindings->handle()
#16 /home/dev/Documents/laravel/test.salemhokei.kz/vendor/laravel/framework/src/Illuminate/Routing/Pipeline.php(53): Illuminate\\Pipeline\\Pipeline->Illuminate\\Pipeline\\{closure}()
#17 /home/dev/Documents/laravel/test.salemhokei.kz/vendor/laravel/framework/src/Illuminate/Foundation/Http/Middleware/VerifyCsrfToken.php(75): Illuminate\\Routing\\Pipeline->Illuminate\\Routing\\{closure}()
#18 /home/dev/Documents/laravel/test.salemhokei.kz/vendor/laravel/framework/src/Illuminate/Pipeline/Pipeline.php(163): Illuminate\\Foundation\\Http\\Middleware\\VerifyCsrfToken->handle()
#19 /home/dev/Documents/laravel/test.salemhokei.kz/vendor/laravel/framework/src/Illuminate/Routing/Pipeline.php(53): Illuminate\\Pipeline\\Pipeline->Illuminate\\Pipeline\\{closure}()
#20 /home/dev/Documents/laravel/test.salemhokei.kz/vendor/laravel/framework/src/Illuminate/View/Middleware/ShareErrorsFromSession.php(49): Illuminate\\Routing\\Pipeline->Illuminate\\Routing\\{closure}()
#21 /home/dev/Documents/laravel/test.salemhokei.kz/vendor/laravel/framework/src/Illuminate/Pipeline/Pipeline.php(163): Illuminate\\View\\Middleware\\ShareErrorsFromSession->handle()
#22 /home/dev/Documents/laravel/test.salemhokei.kz/vendor/laravel/framework/src/Illuminate/Routing/Pipeline.php(53): Illuminate\\Pipeline\\Pipeline->Illuminate\\Pipeline\\{closure}()
#23 /home/dev/Documents/laravel/test.salemhokei.kz/vendor/laravel/framework/src/Illuminate/Session/Middleware/StartSession.php(56): Illuminate\\Routing\\Pipeline->Illuminate\\Routing\\{closure}()
#24 /home/dev/Documents/laravel/test.salemhokei.kz/vendor/laravel/framework/src/Illuminate/Pipeline/Pipeline.php(163): Illuminate\\Session\\Middleware\\StartSession->handle()
#25 /home/dev/Documents/laravel/test.salemhokei.kz/vendor/laravel/framework/src/Illuminate/Routing/Pipeline.php(53): Illuminate\\Pipeline\\Pipeline->Illuminate\\Pipeline\\{closure}()
#26 /home/dev/Documents/laravel/test.salemhokei.kz/vendor/laravel/framework/src/Illuminate/Cookie/Middleware/AddQueuedCookiesToResponse.php(37): Illuminate\\Routing\\Pipeline->Illuminate\\Routing\\{closure}()
#27 /home/dev/Documents/laravel/test.salemhokei.kz/vendor/laravel/framework/src/Illuminate/Pipeline/Pipeline.php(163): Illuminate\\Cookie\\Middleware\\AddQueuedCookiesToResponse->handle()
#28 /home/dev/Documents/laravel/test.salemhokei.kz/vendor/laravel/framework/src/Illuminate/Routing/Pipeline.php(53): Illuminate\\Pipeline\\Pipeline->Illuminate\\Pipeline\\{closure}()
#29 /home/dev/Documents/laravel/test.salemhokei.kz/vendor/laravel/framework/src/Illuminate/Cookie/Middleware/EncryptCookies.php(66): Illuminate\\Routing\\Pipeline->Illuminate\\Routing\\{closure}()
#30 /home/dev/Documents/laravel/test.salemhokei.kz/vendor/laravel/framework/src/Illuminate/Pipeline/Pipeline.php(163): Illuminate\\Cookie\\Middleware\\EncryptCookies->handle()
#31 /home/dev/Documents/laravel/test.salemhokei.kz/vendor/laravel/framework/src/Illuminate/Routing/Pipeline.php(53): Illuminate\\Pipeline\\Pipeline->Illuminate\\Pipeline\\{closure}()
#32 /home/dev/Documents/laravel/test.salemhokei.kz/vendor/laravel/framework/src/Illuminate/Pipeline/Pipeline.php(104): Illuminate\\Routing\\Pipeline->Illuminate\\Routing\\{closure}()
#33 /home/dev/Documents/laravel/test.salemhokei.kz/vendor/laravel/framework/src/Illuminate/Routing/Router.php(682): Illuminate\\Pipeline\\Pipeline->then()
#34 /home/dev/Documents/laravel/test.salemhokei.kz/vendor/laravel/framework/src/Illuminate/Routing/Router.php(657): Illuminate\\Routing\\Router->runRouteWithinStack()
#35 /home/dev/Documents/laravel/test.salemhokei.kz/vendor/laravel/framework/src/Illuminate/Routing/Router.php(623): Illuminate\\Routing\\Router->runRoute()
#36 /home/dev/Documents/laravel/test.salemhokei.kz/vendor/laravel/framework/src/Illuminate/Routing/Router.php(612): Illuminate\\Routing\\Router->dispatchToRoute()
#37 /home/dev/Documents/laravel/test.salemhokei.kz/vendor/laravel/framework/src/Illuminate/Foundation/Http/Kernel.php(176): Illuminate\\Routing\\Router->dispatch()
#38 /home/dev/Documents/laravel/test.salemhokei.kz/vendor/laravel/framework/src/Illuminate/Routing/Pipeline.php(30): Illuminate\\Foundation\\Http\\Kernel->Illuminate\\Foundation\\Http\\{closure}()
#39 /home/dev/Documents/laravel/test.salemhokei.kz/vendor/laravel/framework/src/Illuminate/Foundation/Http/Middleware/TransformsRequest.php(21): Illuminate\\Routing\\Pipeline->Illuminate\\Routing\\{closure}()
#40 /home/dev/Documents/laravel/test.salemhokei.kz/vendor/laravel/framework/src/Illuminate/Pipeline/Pipeline.php(163): Illuminate\\Foundation\\Http\\Middleware\\TransformsRequest->handle()
#41 /home/dev/Documents/laravel/test.salemhokei.kz/vendor/laravel/framework/src/Illuminate/Routing/Pipeline.php(53): Illuminate\\Pipeline\\Pipeline->Illuminate\\Pipeline\\{closure}()
#42 /home/dev/Documents/laravel/test.salemhokei.kz/vendor/laravel/framework/src/Illuminate/Foundation/Http/Middleware/TransformsRequest.php(21): Illuminate\\Routing\\Pipeline->Illuminate\\Routing\\{closure}()
#43 /home/dev/Documents/laravel/test.salemhokei.kz/vendor/laravel/framework/src/Illuminate/Pipeline/Pipeline.php(163): Illuminate\\Foundation\\Http\\Middleware\\TransformsRequest->handle()
#44 /home/dev/Documents/laravel/test.salemhokei.kz/vendor/laravel/framework/src/Illuminate/Routing/Pipeline.php(53): Illuminate\\Pipeline\\Pipeline->Illuminate\\Pipeline\\{closure}()
#45 /home/dev/Documents/laravel/test.salemhokei.kz/vendor/laravel/framework/src/Illuminate/Foundation/Http/Middleware/ValidatePostSize.php(27): Illuminate\\Routing\\Pipeline->Illuminate\\Routing\\{closure}()
#46 /home/dev/Documents/laravel/test.salemhokei.kz/vendor/laravel/framework/src/Illuminate/Pipeline/Pipeline.php(163): Illuminate\\Foundation\\Http\\Middleware\\ValidatePostSize->handle()
#47 /home/dev/Documents/laravel/test.salemhokei.kz/vendor/laravel/framework/src/Illuminate/Routing/Pipeline.php(53): Illuminate\\Pipeline\\Pipeline->Illuminate\\Pipeline\\{closure}()
#48 /home/dev/Documents/laravel/test.salemhokei.kz/vendor/laravel/framework/src/Illuminate/Foundation/Http/Middleware/CheckForMaintenanceMode.php(62): Illuminate\\Routing\\Pipeline->Illuminate\\Routing\\{closure}()
#49 /home/dev/Documents/laravel/test.salemhokei.kz/vendor/laravel/framework/src/Illuminate/Pipeline/Pipeline.php(163): Illuminate\\Foundation\\Http\\Middleware\\CheckForMaintenanceMode->handle()
#50 /home/dev/Documents/laravel/test.salemhokei.kz/vendor/laravel/framework/src/Illuminate/Routing/Pipeline.php(53): Illuminate\\Pipeline\\Pipeline->Illuminate\\Pipeline\\{closure}()
#51 /home/dev/Documents/laravel/test.salemhokei.kz/vendor/fideloper/proxy/src/TrustProxies.php(57): Illuminate\\Routing\\Pipeline->Illuminate\\Routing\\{closure}()
#52 /home/dev/Documents/laravel/test.salemhokei.kz/vendor/laravel/framework/src/Illuminate/Pipeline/Pipeline.php(163): Fideloper\\Proxy\\TrustProxies->handle()
#53 /home/dev/Documents/laravel/test.salemhokei.kz/vendor/laravel/framework/src/Illuminate/Routing/Pipeline.php(53): Illuminate\\Pipeline\\Pipeline->Illuminate\\Pipeline\\{closure}()
#54 /home/dev/Documents/laravel/test.salemhokei.kz/vendor/laravel/framework/src/Illuminate/Pipeline/Pipeline.php(104): Illuminate\\Routing\\Pipeline->Illuminate\\Routing\\{closure}()
#55 /home/dev/Documents/laravel/test.salemhokei.kz/vendor/laravel/framework/src/Illuminate/Foundation/Http/Kernel.php(151): Illuminate\\Pipeline\\Pipeline->then()
#56 /home/dev/Documents/laravel/test.salemhokei.kz/vendor/laravel/framework/src/Illuminate/Foundation/Http/Kernel.php(116): Illuminate\\Foundation\\Http\\Kernel->sendRequestThroughRouter()
#57 /home/dev/Documents/laravel/test.salemhokei.kz/public/index.php(55): Illuminate\\Foundation\\Http\\Kernel->handle()
#58 /home/dev/Documents/laravel/test.salemhokei.kz/server.php(21): require_once('/home/dev/Docum...')
#59 {main}
"} 
