[2021-08-12 05:29:21] local.ERROR: Undefined variable: request {"exception":"[object] (ErrorException(code: 0): Undefined variable: request at /home/dev/www/test.salemhokei.loc/app/Http/Controllers/App/PageController.php:227)
[stacktrace]
#0 /home/dev/www/test.salemhokei.loc/app/Http/Controllers/App/PageController.php(227): Illuminate\\Foundation\\Bootstrap\\HandleExceptions->handleError()
#1 [internal function]: App\\Http\\Controllers\\App\\PageController->App\\Http\\Controllers\\App\\{closure}()
#2 /home/dev/www/test.salemhokei.loc/vendor/laravel/framework/src/Illuminate/Mail/Mailer.php(242): call_user_func()
#3 /home/dev/www/test.salemhokei.loc/vendor/laravel/framework/src/Illuminate/Support/Facades/Facade.php(239): Illuminate\\Mail\\Mailer->send()
#4 /home/dev/www/test.salemhokei.loc/app/Http/Controllers/App/PageController.php(229): Illuminate\\Support\\Facades\\Facade::__callStatic()
#5 [internal function]: App\\Http\\Controllers\\App\\PageController->record_to_school()
#6 /home/dev/www/test.salemhokei.loc/vendor/laravel/framework/src/Illuminate/Routing/Controller.php(54): call_user_func_array()
#7 /home/dev/www/test.salemhokei.loc/vendor/laravel/framework/src/Illuminate/Routing/ControllerDispatcher.php(45): Illuminate\\Routing\\Controller->callAction()
#8 /home/dev/www/test.salemhokei.loc/vendor/laravel/framework/src/Illuminate/Routing/Route.php(219): Illuminate\\Routing\\ControllerDispatcher->dispatch()
#9 /home/dev/www/test.salemhokei.loc/vendor/laravel/framework/src/Illuminate/Routing/Route.php(176): Illuminate\\Routing\\Route->runController()
#10 /home/dev/www/test.salemhokei.loc/vendor/laravel/framework/src/Illuminate/Routing/Router.php(680): Illuminate\\Routing\\Route->run()
#11 /home/dev/www/test.salemhokei.loc/vendor/laravel/framework/src/Illuminate/Routing/Pipeline.php(30): Illuminate\\Routing\\Router->Illuminate\\Routing\\{closure}()
#12 /home/dev/www/test.salemhokei.loc/app/Http/Middleware/GenerateMenus.php(54): Illuminate\\Routing\\Pipeline->Illuminate\\Routing\\{closure}()
#13 /home/dev/www/test.salemhokei.loc/vendor/laravel/framework/src/Illuminate/Pipeline/Pipeline.php(163): App\\Http\\Middleware\\GenerateMenus->handle()
#14 /home/dev/www/test.salemhokei.loc/vendor/laravel/framework/src/Illuminate/Routing/Pipeline.php(53): Illuminate\\Pipeline\\Pipeline->Illuminate\\Pipeline\\{closure}()
#15 /home/dev/www/test.salemhokei.loc/vendor/laravel/framework/src/Illuminate/Routing/Middleware/SubstituteBindings.php(41): Illuminate\\Routing\\Pipeline->Illuminate\\Routing\\{closure}()
#16 /home/dev/www/test.salemhokei.loc/vendor/laravel/framework/src/Illuminate/Pipeline/Pipeline.php(163): Illuminate\\Routing\\Middleware\\SubstituteBindings->handle()
#17 /home/dev/www/test.salemhokei.loc/vendor/laravel/framework/src/Illuminate/Routing/Pipeline.php(53): Illuminate\\Pipeline\\Pipeline->Illuminate\\Pipeline\\{closure}()
#18 /home/dev/www/test.salemhokei.loc/vendor/laravel/framework/src/Illuminate/Foundation/Http/Middleware/VerifyCsrfToken.php(75): Illuminate\\Routing\\Pipeline->Illuminate\\Routing\\{closure}()
#19 /home/dev/www/test.salemhokei.loc/vendor/laravel/framework/src/Illuminate/Pipeline/Pipeline.php(163): Illuminate\\Foundation\\Http\\Middleware\\VerifyCsrfToken->handle()
#20 /home/dev/www/test.salemhokei.loc/vendor/laravel/framework/src/Illuminate/Routing/Pipeline.php(53): Illuminate\\Pipeline\\Pipeline->Illuminate\\Pipeline\\{closure}()
#21 /home/dev/www/test.salemhokei.loc/vendor/laravel/framework/src/Illuminate/View/Middleware/ShareErrorsFromSession.php(49): Illuminate\\Routing\\Pipeline->Illuminate\\Routing\\{closure}()
#22 /home/dev/www/test.salemhokei.loc/vendor/laravel/framework/src/Illuminate/Pipeline/Pipeline.php(163): Illuminate\\View\\Middleware\\ShareErrorsFromSession->handle()
#23 /home/dev/www/test.salemhokei.loc/vendor/laravel/framework/src/Illuminate/Routing/Pipeline.php(53): Illuminate\\Pipeline\\Pipeline->Illuminate\\Pipeline\\{closure}()
#24 /home/dev/www/test.salemhokei.loc/vendor/laravel/framework/src/Illuminate/Session/Middleware/StartSession.php(56): Illuminate\\Routing\\Pipeline->Illuminate\\Routing\\{closure}()
#25 /home/dev/www/test.salemhokei.loc/vendor/laravel/framework/src/Illuminate/Pipeline/Pipeline.php(163): Illuminate\\Session\\Middleware\\StartSession->handle()
#26 /home/dev/www/test.salemhokei.loc/vendor/laravel/framework/src/Illuminate/Routing/Pipeline.php(53): Illuminate\\Pipeline\\Pipeline->Illuminate\\Pipeline\\{closure}()
#27 /home/dev/www/test.salemhokei.loc/vendor/laravel/framework/src/Illuminate/Cookie/Middleware/AddQueuedCookiesToResponse.php(37): Illuminate\\Routing\\Pipeline->Illuminate\\Routing\\{closure}()
#28 /home/dev/www/test.salemhokei.loc/vendor/laravel/framework/src/Illuminate/Pipeline/Pipeline.php(163): Illuminate\\Cookie\\Middleware\\AddQueuedCookiesToResponse->handle()
#29 /home/dev/www/test.salemhokei.loc/vendor/laravel/framework/src/Illuminate/Routing/Pipeline.php(53): Illuminate\\Pipeline\\Pipeline->Illuminate\\Pipeline\\{closure}()
#30 /home/dev/www/test.salemhokei.loc/vendor/laravel/framework/src/Illuminate/Cookie/Middleware/EncryptCookies.php(66): Illuminate\\Routing\\Pipeline->Illuminate\\Routing\\{closure}()
#31 /home/dev/www/test.salemhokei.loc/vendor/laravel/framework/src/Illuminate/Pipeline/Pipeline.php(163): Illuminate\\Cookie\\Middleware\\EncryptCookies->handle()
#32 /home/dev/www/test.salemhokei.loc/vendor/laravel/framework/src/Illuminate/Routing/Pipeline.php(53): Illuminate\\Pipeline\\Pipeline->Illuminate\\Pipeline\\{closure}()
#33 /home/dev/www/test.salemhokei.loc/vendor/laravel/framework/src/Illuminate/Pipeline/Pipeline.php(104): Illuminate\\Routing\\Pipeline->Illuminate\\Routing\\{closure}()
#34 /home/dev/www/test.salemhokei.loc/vendor/laravel/framework/src/Illuminate/Routing/Router.php(682): Illuminate\\Pipeline\\Pipeline->then()
#35 /home/dev/www/test.salemhokei.loc/vendor/laravel/framework/src/Illuminate/Routing/Router.php(657): Illuminate\\Routing\\Router->runRouteWithinStack()
#36 /home/dev/www/test.salemhokei.loc/vendor/laravel/framework/src/Illuminate/Routing/Router.php(623): Illuminate\\Routing\\Router->runRoute()
#37 /home/dev/www/test.salemhokei.loc/vendor/laravel/framework/src/Illuminate/Routing/Router.php(612): Illuminate\\Routing\\Router->dispatchToRoute()
#38 /home/dev/www/test.salemhokei.loc/vendor/laravel/framework/src/Illuminate/Foundation/Http/Kernel.php(176): Illuminate\\Routing\\Router->dispatch()
#39 /home/dev/www/test.salemhokei.loc/vendor/laravel/framework/src/Illuminate/Routing/Pipeline.php(30): Illuminate\\Foundation\\Http\\Kernel->Illuminate\\Foundation\\Http\\{closure}()
#40 /home/dev/www/test.salemhokei.loc/vendor/laravel/framework/src/Illuminate/Foundation/Http/Middleware/TransformsRequest.php(21): Illuminate\\Routing\\Pipeline->Illuminate\\Routing\\{closure}()
#41 /home/dev/www/test.salemhokei.loc/vendor/laravel/framework/src/Illuminate/Pipeline/Pipeline.php(163): Illuminate\\Foundation\\Http\\Middleware\\TransformsRequest->handle()
#42 /home/dev/www/test.salemhokei.loc/vendor/laravel/framework/src/Illuminate/Routing/Pipeline.php(53): Illuminate\\Pipeline\\Pipeline->Illuminate\\Pipeline\\{closure}()
#43 /home/dev/www/test.salemhokei.loc/vendor/laravel/framework/src/Illuminate/Foundation/Http/Middleware/TransformsRequest.php(21): Illuminate\\Routing\\Pipeline->Illuminate\\Routing\\{closure}()
#44 /home/dev/www/test.salemhokei.loc/vendor/laravel/framework/src/Illuminate/Pipeline/Pipeline.php(163): Illuminate\\Foundation\\Http\\Middleware\\TransformsRequest->handle()
#45 /home/dev/www/test.salemhokei.loc/vendor/laravel/framework/src/Illuminate/Routing/Pipeline.php(53): Illuminate\\Pipeline\\Pipeline->Illuminate\\Pipeline\\{closure}()
#46 /home/dev/www/test.salemhokei.loc/vendor/laravel/framework/src/Illuminate/Foundation/Http/Middleware/ValidatePostSize.php(27): Illuminate\\Routing\\Pipeline->Illuminate\\Routing\\{closure}()
#47 /home/dev/www/test.salemhokei.loc/vendor/laravel/framework/src/Illuminate/Pipeline/Pipeline.php(163): Illuminate\\Foundation\\Http\\Middleware\\ValidatePostSize->handle()
#48 /home/dev/www/test.salemhokei.loc/vendor/laravel/framework/src/Illuminate/Routing/Pipeline.php(53): Illuminate\\Pipeline\\Pipeline->Illuminate\\Pipeline\\{closure}()
#49 /home/dev/www/test.salemhokei.loc/vendor/laravel/framework/src/Illuminate/Foundation/Http/Middleware/CheckForMaintenanceMode.php(62): Illuminate\\Routing\\Pipeline->Illuminate\\Routing\\{closure}()
#50 /home/dev/www/test.salemhokei.loc/vendor/laravel/framework/src/Illuminate/Pipeline/Pipeline.php(163): Illuminate\\Foundation\\Http\\Middleware\\CheckForMaintenanceMode->handle()
#51 /home/dev/www/test.salemhokei.loc/vendor/laravel/framework/src/Illuminate/Routing/Pipeline.php(53): Illuminate\\Pipeline\\Pipeline->Illuminate\\Pipeline\\{closure}()
#52 /home/dev/www/test.salemhokei.loc/vendor/fideloper/proxy/src/TrustProxies.php(57): Illuminate\\Routing\\Pipeline->Illuminate\\Routing\\{closure}()
#53 /home/dev/www/test.salemhokei.loc/vendor/laravel/framework/src/Illuminate/Pipeline/Pipeline.php(163): Fideloper\\Proxy\\TrustProxies->handle()
#54 /home/dev/www/test.salemhokei.loc/vendor/laravel/framework/src/Illuminate/Routing/Pipeline.php(53): Illuminate\\Pipeline\\Pipeline->Illuminate\\Pipeline\\{closure}()
#55 /home/dev/www/test.salemhokei.loc/vendor/laravel/framework/src/Illuminate/Pipeline/Pipeline.php(104): Illuminate\\Routing\\Pipeline->Illuminate\\Routing\\{closure}()
#56 /home/dev/www/test.salemhokei.loc/vendor/laravel/framework/src/Illuminate/Foundation/Http/Kernel.php(151): Illuminate\\Pipeline\\Pipeline->then()
#57 /home/dev/www/test.salemhokei.loc/vendor/laravel/framework/src/Illuminate/Foundation/Http/Kernel.php(116): Illuminate\\Foundation\\Http\\Kernel->sendRequestThroughRouter()
#58 /home/dev/www/test.salemhokei.loc/public/index.php(55): Illuminate\\Foundation\\Http\\Kernel->handle()
#59 {main}
"} 
[2021-08-12 05:51:32] local.ERROR: Expected response code 250 but got code "530", with message "530 5.7.0 Must issue a STARTTLS command first. o10sm146035lfl.129 - gsmtp
" {"exception":"[object] (Swift_TransportException(code: 530): Expected response code 250 but got code \"530\", with message \"530 5.7.0 Must issue a STARTTLS command first. o10sm146035lfl.129 - gsmtp
\" at /home/dev/www/test.salemhokei.loc/vendor/swiftmailer/swiftmailer/lib/classes/Swift/Transport/AbstractSmtpTransport.php:459)
[stacktrace]
#0 /home/dev/www/test.salemhokei.loc/vendor/swiftmailer/swiftmailer/lib/classes/Swift/Transport/AbstractSmtpTransport.php(344): Swift_Transport_AbstractSmtpTransport->assertResponseCode()
#1 /home/dev/www/test.salemhokei.loc/vendor/swiftmailer/swiftmailer/lib/classes/Swift/Transport/EsmtpTransport.php(305): Swift_Transport_AbstractSmtpTransport->executeCommand()
#2 /home/dev/www/test.salemhokei.loc/vendor/swiftmailer/swiftmailer/lib/classes/Swift/Transport/AbstractSmtpTransport.php(295): Swift_Transport_EsmtpTransport->executeCommand()
#3 /home/dev/www/test.salemhokei.loc/vendor/swiftmailer/swiftmailer/lib/classes/Swift/Transport/AbstractSmtpTransport.php(504): Swift_Transport_AbstractSmtpTransport->reset()
#4 /home/dev/www/test.salemhokei.loc/vendor/swiftmailer/swiftmailer/lib/classes/Swift/Transport/AbstractSmtpTransport.php(518): Swift_Transport_AbstractSmtpTransport->doMailTransaction()
#5 /home/dev/www/test.salemhokei.loc/vendor/swiftmailer/swiftmailer/lib/classes/Swift/Transport/AbstractSmtpTransport.php(206): Swift_Transport_AbstractSmtpTransport->sendTo()
#6 /home/dev/www/test.salemhokei.loc/vendor/swiftmailer/swiftmailer/lib/classes/Swift/Mailer.php(71): Swift_Transport_AbstractSmtpTransport->send()
#7 /home/dev/www/test.salemhokei.loc/vendor/laravel/framework/src/Illuminate/Mail/Mailer.php(484): Swift_Mailer->send()
#8 /home/dev/www/test.salemhokei.loc/vendor/laravel/framework/src/Illuminate/Mail/Mailer.php(259): Illuminate\\Mail\\Mailer->sendSwiftMessage()
#9 /home/dev/www/test.salemhokei.loc/vendor/laravel/framework/src/Illuminate/Support/Facades/Facade.php(239): Illuminate\\Mail\\Mailer->send()
#10 /home/dev/www/test.salemhokei.loc/app/Http/Controllers/App/PageController.php(229): Illuminate\\Support\\Facades\\Facade::__callStatic()
#11 [internal function]: App\\Http\\Controllers\\App\\PageController->record_to_school()
#12 /home/dev/www/test.salemhokei.loc/vendor/laravel/framework/src/Illuminate/Routing/Controller.php(54): call_user_func_array()
#13 /home/dev/www/test.salemhokei.loc/vendor/laravel/framework/src/Illuminate/Routing/ControllerDispatcher.php(45): Illuminate\\Routing\\Controller->callAction()
#14 /home/dev/www/test.salemhokei.loc/vendor/laravel/framework/src/Illuminate/Routing/Route.php(219): Illuminate\\Routing\\ControllerDispatcher->dispatch()
#15 /home/dev/www/test.salemhokei.loc/vendor/laravel/framework/src/Illuminate/Routing/Route.php(176): Illuminate\\Routing\\Route->runController()
#16 /home/dev/www/test.salemhokei.loc/vendor/laravel/framework/src/Illuminate/Routing/Router.php(680): Illuminate\\Routing\\Route->run()
#17 /home/dev/www/test.salemhokei.loc/vendor/laravel/framework/src/Illuminate/Routing/Pipeline.php(30): Illuminate\\Routing\\Router->Illuminate\\Routing\\{closure}()
#18 /home/dev/www/test.salemhokei.loc/app/Http/Middleware/GenerateMenus.php(54): Illuminate\\Routing\\Pipeline->Illuminate\\Routing\\{closure}()
#19 /home/dev/www/test.salemhokei.loc/vendor/laravel/framework/src/Illuminate/Pipeline/Pipeline.php(163): App\\Http\\Middleware\\GenerateMenus->handle()
#20 /home/dev/www/test.salemhokei.loc/vendor/laravel/framework/src/Illuminate/Routing/Pipeline.php(53): Illuminate\\Pipeline\\Pipeline->Illuminate\\Pipeline\\{closure}()
#21 /home/dev/www/test.salemhokei.loc/vendor/laravel/framework/src/Illuminate/Routing/Middleware/SubstituteBindings.php(41): Illuminate\\Routing\\Pipeline->Illuminate\\Routing\\{closure}()
#22 /home/dev/www/test.salemhokei.loc/vendor/laravel/framework/src/Illuminate/Pipeline/Pipeline.php(163): Illuminate\\Routing\\Middleware\\SubstituteBindings->handle()
#23 /home/dev/www/test.salemhokei.loc/vendor/laravel/framework/src/Illuminate/Routing/Pipeline.php(53): Illuminate\\Pipeline\\Pipeline->Illuminate\\Pipeline\\{closure}()
#24 /home/dev/www/test.salemhokei.loc/vendor/laravel/framework/src/Illuminate/Foundation/Http/Middleware/VerifyCsrfToken.php(75): Illuminate\\Routing\\Pipeline->Illuminate\\Routing\\{closure}()
#25 /home/dev/www/test.salemhokei.loc/vendor/laravel/framework/src/Illuminate/Pipeline/Pipeline.php(163): Illuminate\\Foundation\\Http\\Middleware\\VerifyCsrfToken->handle()
#26 /home/dev/www/test.salemhokei.loc/vendor/laravel/framework/src/Illuminate/Routing/Pipeline.php(53): Illuminate\\Pipeline\\Pipeline->Illuminate\\Pipeline\\{closure}()
#27 /home/dev/www/test.salemhokei.loc/vendor/laravel/framework/src/Illuminate/View/Middleware/ShareErrorsFromSession.php(49): Illuminate\\Routing\\Pipeline->Illuminate\\Routing\\{closure}()
#28 /home/dev/www/test.salemhokei.loc/vendor/laravel/framework/src/Illuminate/Pipeline/Pipeline.php(163): Illuminate\\View\\Middleware\\ShareErrorsFromSession->handle()
#29 /home/dev/www/test.salemhokei.loc/vendor/laravel/framework/src/Illuminate/Routing/Pipeline.php(53): Illuminate\\Pipeline\\Pipeline->Illuminate\\Pipeline\\{closure}()
#30 /home/dev/www/test.salemhokei.loc/vendor/laravel/framework/src/Illuminate/Session/Middleware/StartSession.php(56): Illuminate\\Routing\\Pipeline->Illuminate\\Routing\\{closure}()
#31 /home/dev/www/test.salemhokei.loc/vendor/laravel/framework/src/Illuminate/Pipeline/Pipeline.php(163): Illuminate\\Session\\Middleware\\StartSession->handle()
#32 /home/dev/www/test.salemhokei.loc/vendor/laravel/framework/src/Illuminate/Routing/Pipeline.php(53): Illuminate\\Pipeline\\Pipeline->Illuminate\\Pipeline\\{closure}()
#33 /home/dev/www/test.salemhokei.loc/vendor/laravel/framework/src/Illuminate/Cookie/Middleware/AddQueuedCookiesToResponse.php(37): Illuminate\\Routing\\Pipeline->Illuminate\\Routing\\{closure}()
#34 /home/dev/www/test.salemhokei.loc/vendor/laravel/framework/src/Illuminate/Pipeline/Pipeline.php(163): Illuminate\\Cookie\\Middleware\\AddQueuedCookiesToResponse->handle()
#35 /home/dev/www/test.salemhokei.loc/vendor/laravel/framework/src/Illuminate/Routing/Pipeline.php(53): Illuminate\\Pipeline\\Pipeline->Illuminate\\Pipeline\\{closure}()
#36 /home/dev/www/test.salemhokei.loc/vendor/laravel/framework/src/Illuminate/Cookie/Middleware/EncryptCookies.php(66): Illuminate\\Routing\\Pipeline->Illuminate\\Routing\\{closure}()
#37 /home/dev/www/test.salemhokei.loc/vendor/laravel/framework/src/Illuminate/Pipeline/Pipeline.php(163): Illuminate\\Cookie\\Middleware\\EncryptCookies->handle()
#38 /home/dev/www/test.salemhokei.loc/vendor/laravel/framework/src/Illuminate/Routing/Pipeline.php(53): Illuminate\\Pipeline\\Pipeline->Illuminate\\Pipeline\\{closure}()
#39 /home/dev/www/test.salemhokei.loc/vendor/laravel/framework/src/Illuminate/Pipeline/Pipeline.php(104): Illuminate\\Routing\\Pipeline->Illuminate\\Routing\\{closure}()
#40 /home/dev/www/test.salemhokei.loc/vendor/laravel/framework/src/Illuminate/Routing/Router.php(682): Illuminate\\Pipeline\\Pipeline->then()
#41 /home/dev/www/test.salemhokei.loc/vendor/laravel/framework/src/Illuminate/Routing/Router.php(657): Illuminate\\Routing\\Router->runRouteWithinStack()
#42 /home/dev/www/test.salemhokei.loc/vendor/laravel/framework/src/Illuminate/Routing/Router.php(623): Illuminate\\Routing\\Router->runRoute()
#43 /home/dev/www/test.salemhokei.loc/vendor/laravel/framework/src/Illuminate/Routing/Router.php(612): Illuminate\\Routing\\Router->dispatchToRoute()
#44 /home/dev/www/test.salemhokei.loc/vendor/laravel/framework/src/Illuminate/Foundation/Http/Kernel.php(176): Illuminate\\Routing\\Router->dispatch()
#45 /home/dev/www/test.salemhokei.loc/vendor/laravel/framework/src/Illuminate/Routing/Pipeline.php(30): Illuminate\\Foundation\\Http\\Kernel->Illuminate\\Foundation\\Http\\{closure}()
#46 /home/dev/www/test.salemhokei.loc/vendor/laravel/framework/src/Illuminate/Foundation/Http/Middleware/TransformsRequest.php(21): Illuminate\\Routing\\Pipeline->Illuminate\\Routing\\{closure}()
#47 /home/dev/www/test.salemhokei.loc/vendor/laravel/framework/src/Illuminate/Pipeline/Pipeline.php(163): Illuminate\\Foundation\\Http\\Middleware\\TransformsRequest->handle()
#48 /home/dev/www/test.salemhokei.loc/vendor/laravel/framework/src/Illuminate/Routing/Pipeline.php(53): Illuminate\\Pipeline\\Pipeline->Illuminate\\Pipeline\\{closure}()
#49 /home/dev/www/test.salemhokei.loc/vendor/laravel/framework/src/Illuminate/Foundation/Http/Middleware/TransformsRequest.php(21): Illuminate\\Routing\\Pipeline->Illuminate\\Routing\\{closure}()
#50 /home/dev/www/test.salemhokei.loc/vendor/laravel/framework/src/Illuminate/Pipeline/Pipeline.php(163): Illuminate\\Foundation\\Http\\Middleware\\TransformsRequest->handle()
#51 /home/dev/www/test.salemhokei.loc/vendor/laravel/framework/src/Illuminate/Routing/Pipeline.php(53): Illuminate\\Pipeline\\Pipeline->Illuminate\\Pipeline\\{closure}()
#52 /home/dev/www/test.salemhokei.loc/vendor/laravel/framework/src/Illuminate/Foundation/Http/Middleware/ValidatePostSize.php(27): Illuminate\\Routing\\Pipeline->Illuminate\\Routing\\{closure}()
#53 /home/dev/www/test.salemhokei.loc/vendor/laravel/framework/src/Illuminate/Pipeline/Pipeline.php(163): Illuminate\\Foundation\\Http\\Middleware\\ValidatePostSize->handle()
#54 /home/dev/www/test.salemhokei.loc/vendor/laravel/framework/src/Illuminate/Routing/Pipeline.php(53): Illuminate\\Pipeline\\Pipeline->Illuminate\\Pipeline\\{closure}()
#55 /home/dev/www/test.salemhokei.loc/vendor/laravel/framework/src/Illuminate/Foundation/Http/Middleware/CheckForMaintenanceMode.php(62): Illuminate\\Routing\\Pipeline->Illuminate\\Routing\\{closure}()
#56 /home/dev/www/test.salemhokei.loc/vendor/laravel/framework/src/Illuminate/Pipeline/Pipeline.php(163): Illuminate\\Foundation\\Http\\Middleware\\CheckForMaintenanceMode->handle()
#57 /home/dev/www/test.salemhokei.loc/vendor/laravel/framework/src/Illuminate/Routing/Pipeline.php(53): Illuminate\\Pipeline\\Pipeline->Illuminate\\Pipeline\\{closure}()
#58 /home/dev/www/test.salemhokei.loc/vendor/fideloper/proxy/src/TrustProxies.php(57): Illuminate\\Routing\\Pipeline->Illuminate\\Routing\\{closure}()
#59 /home/dev/www/test.salemhokei.loc/vendor/laravel/framework/src/Illuminate/Pipeline/Pipeline.php(163): Fideloper\\Proxy\\TrustProxies->handle()
#60 /home/dev/www/test.salemhokei.loc/vendor/laravel/framework/src/Illuminate/Routing/Pipeline.php(53): Illuminate\\Pipeline\\Pipeline->Illuminate\\Pipeline\\{closure}()
#61 /home/dev/www/test.salemhokei.loc/vendor/laravel/framework/src/Illuminate/Pipeline/Pipeline.php(104): Illuminate\\Routing\\Pipeline->Illuminate\\Routing\\{closure}()
#62 /home/dev/www/test.salemhokei.loc/vendor/laravel/framework/src/Illuminate/Foundation/Http/Kernel.php(151): Illuminate\\Pipeline\\Pipeline->then()
#63 /home/dev/www/test.salemhokei.loc/vendor/laravel/framework/src/Illuminate/Foundation/Http/Kernel.php(116): Illuminate\\Foundation\\Http\\Kernel->sendRequestThroughRouter()
#64 /home/dev/www/test.salemhokei.loc/public/index.php(55): Illuminate\\Foundation\\Http\\Kernel->handle()
#65 {main}
"} 
[2021-08-12 05:51:42] local.ERROR: Connection could not be established with host mail.salemhokei.kz :stream_socket_client(): Peer certificate CN=`test.salemhokei.kz' did not match expected CN=`mail.salemhokei.kz' {"exception":"[object] (Swift_TransportException(code: 0): Connection could not be established with host mail.salemhokei.kz :stream_socket_client(): Peer certificate CN=`test.salemhokei.kz' did not match expected CN=`mail.salemhokei.kz' at /home/dev/www/test.salemhokei.loc/vendor/swiftmailer/swiftmailer/lib/classes/Swift/Transport/StreamBuffer.php:261)
[stacktrace]
#0 [internal function]: Swift_Transport_StreamBuffer->{closure}()
#1 /home/dev/www/test.salemhokei.loc/vendor/swiftmailer/swiftmailer/lib/classes/Swift/Transport/StreamBuffer.php(264): stream_socket_client()
#2 /home/dev/www/test.salemhokei.loc/vendor/swiftmailer/swiftmailer/lib/classes/Swift/Transport/StreamBuffer.php(58): Swift_Transport_StreamBuffer->establishSocketConnection()
#3 /home/dev/www/test.salemhokei.loc/vendor/swiftmailer/swiftmailer/lib/classes/Swift/Transport/AbstractSmtpTransport.php(143): Swift_Transport_StreamBuffer->initialize()
#4 /home/dev/www/test.salemhokei.loc/vendor/swiftmailer/swiftmailer/lib/classes/Swift/Mailer.php(65): Swift_Transport_AbstractSmtpTransport->start()
#5 /home/dev/www/test.salemhokei.loc/vendor/laravel/framework/src/Illuminate/Mail/Mailer.php(484): Swift_Mailer->send()
#6 /home/dev/www/test.salemhokei.loc/vendor/laravel/framework/src/Illuminate/Mail/Mailer.php(259): Illuminate\\Mail\\Mailer->sendSwiftMessage()
#7 /home/dev/www/test.salemhokei.loc/vendor/laravel/framework/src/Illuminate/Support/Facades/Facade.php(239): Illuminate\\Mail\\Mailer->send()
#8 /home/dev/www/test.salemhokei.loc/app/Http/Controllers/App/PageController.php(229): Illuminate\\Support\\Facades\\Facade::__callStatic()
#9 [internal function]: App\\Http\\Controllers\\App\\PageController->record_to_school()
#10 /home/dev/www/test.salemhokei.loc/vendor/laravel/framework/src/Illuminate/Routing/Controller.php(54): call_user_func_array()
#11 /home/dev/www/test.salemhokei.loc/vendor/laravel/framework/src/Illuminate/Routing/ControllerDispatcher.php(45): Illuminate\\Routing\\Controller->callAction()
#12 /home/dev/www/test.salemhokei.loc/vendor/laravel/framework/src/Illuminate/Routing/Route.php(219): Illuminate\\Routing\\ControllerDispatcher->dispatch()
#13 /home/dev/www/test.salemhokei.loc/vendor/laravel/framework/src/Illuminate/Routing/Route.php(176): Illuminate\\Routing\\Route->runController()
#14 /home/dev/www/test.salemhokei.loc/vendor/laravel/framework/src/Illuminate/Routing/Router.php(680): Illuminate\\Routing\\Route->run()
#15 /home/dev/www/test.salemhokei.loc/vendor/laravel/framework/src/Illuminate/Routing/Pipeline.php(30): Illuminate\\Routing\\Router->Illuminate\\Routing\\{closure}()
#16 /home/dev/www/test.salemhokei.loc/app/Http/Middleware/GenerateMenus.php(54): Illuminate\\Routing\\Pipeline->Illuminate\\Routing\\{closure}()
#17 /home/dev/www/test.salemhokei.loc/vendor/laravel/framework/src/Illuminate/Pipeline/Pipeline.php(163): App\\Http\\Middleware\\GenerateMenus->handle()
#18 /home/dev/www/test.salemhokei.loc/vendor/laravel/framework/src/Illuminate/Routing/Pipeline.php(53): Illuminate\\Pipeline\\Pipeline->Illuminate\\Pipeline\\{closure}()
#19 /home/dev/www/test.salemhokei.loc/vendor/laravel/framework/src/Illuminate/Routing/Middleware/SubstituteBindings.php(41): Illuminate\\Routing\\Pipeline->Illuminate\\Routing\\{closure}()
#20 /home/dev/www/test.salemhokei.loc/vendor/laravel/framework/src/Illuminate/Pipeline/Pipeline.php(163): Illuminate\\Routing\\Middleware\\SubstituteBindings->handle()
#21 /home/dev/www/test.salemhokei.loc/vendor/laravel/framework/src/Illuminate/Routing/Pipeline.php(53): Illuminate\\Pipeline\\Pipeline->Illuminate\\Pipeline\\{closure}()
#22 /home/dev/www/test.salemhokei.loc/vendor/laravel/framework/src/Illuminate/Foundation/Http/Middleware/VerifyCsrfToken.php(75): Illuminate\\Routing\\Pipeline->Illuminate\\Routing\\{closure}()
#23 /home/dev/www/test.salemhokei.loc/vendor/laravel/framework/src/Illuminate/Pipeline/Pipeline.php(163): Illuminate\\Foundation\\Http\\Middleware\\VerifyCsrfToken->handle()
#24 /home/dev/www/test.salemhokei.loc/vendor/laravel/framework/src/Illuminate/Routing/Pipeline.php(53): Illuminate\\Pipeline\\Pipeline->Illuminate\\Pipeline\\{closure}()
#25 /home/dev/www/test.salemhokei.loc/vendor/laravel/framework/src/Illuminate/View/Middleware/ShareErrorsFromSession.php(49): Illuminate\\Routing\\Pipeline->Illuminate\\Routing\\{closure}()
#26 /home/dev/www/test.salemhokei.loc/vendor/laravel/framework/src/Illuminate/Pipeline/Pipeline.php(163): Illuminate\\View\\Middleware\\ShareErrorsFromSession->handle()
#27 /home/dev/www/test.salemhokei.loc/vendor/laravel/framework/src/Illuminate/Routing/Pipeline.php(53): Illuminate\\Pipeline\\Pipeline->Illuminate\\Pipeline\\{closure}()
#28 /home/dev/www/test.salemhokei.loc/vendor/laravel/framework/src/Illuminate/Session/Middleware/StartSession.php(56): Illuminate\\Routing\\Pipeline->Illuminate\\Routing\\{closure}()
#29 /home/dev/www/test.salemhokei.loc/vendor/laravel/framework/src/Illuminate/Pipeline/Pipeline.php(163): Illuminate\\Session\\Middleware\\StartSession->handle()
#30 /home/dev/www/test.salemhokei.loc/vendor/laravel/framework/src/Illuminate/Routing/Pipeline.php(53): Illuminate\\Pipeline\\Pipeline->Illuminate\\Pipeline\\{closure}()
#31 /home/dev/www/test.salemhokei.loc/vendor/laravel/framework/src/Illuminate/Cookie/Middleware/AddQueuedCookiesToResponse.php(37): Illuminate\\Routing\\Pipeline->Illuminate\\Routing\\{closure}()
#32 /home/dev/www/test.salemhokei.loc/vendor/laravel/framework/src/Illuminate/Pipeline/Pipeline.php(163): Illuminate\\Cookie\\Middleware\\AddQueuedCookiesToResponse->handle()
#33 /home/dev/www/test.salemhokei.loc/vendor/laravel/framework/src/Illuminate/Routing/Pipeline.php(53): Illuminate\\Pipeline\\Pipeline->Illuminate\\Pipeline\\{closure}()
#34 /home/dev/www/test.salemhokei.loc/vendor/laravel/framework/src/Illuminate/Cookie/Middleware/EncryptCookies.php(66): Illuminate\\Routing\\Pipeline->Illuminate\\Routing\\{closure}()
#35 /home/dev/www/test.salemhokei.loc/vendor/laravel/framework/src/Illuminate/Pipeline/Pipeline.php(163): Illuminate\\Cookie\\Middleware\\EncryptCookies->handle()
#36 /home/dev/www/test.salemhokei.loc/vendor/laravel/framework/src/Illuminate/Routing/Pipeline.php(53): Illuminate\\Pipeline\\Pipeline->Illuminate\\Pipeline\\{closure}()
#37 /home/dev/www/test.salemhokei.loc/vendor/laravel/framework/src/Illuminate/Pipeline/Pipeline.php(104): Illuminate\\Routing\\Pipeline->Illuminate\\Routing\\{closure}()
#38 /home/dev/www/test.salemhokei.loc/vendor/laravel/framework/src/Illuminate/Routing/Router.php(682): Illuminate\\Pipeline\\Pipeline->then()
#39 /home/dev/www/test.salemhokei.loc/vendor/laravel/framework/src/Illuminate/Routing/Router.php(657): Illuminate\\Routing\\Router->runRouteWithinStack()
#40 /home/dev/www/test.salemhokei.loc/vendor/laravel/framework/src/Illuminate/Routing/Router.php(623): Illuminate\\Routing\\Router->runRoute()
#41 /home/dev/www/test.salemhokei.loc/vendor/laravel/framework/src/Illuminate/Routing/Router.php(612): Illuminate\\Routing\\Router->dispatchToRoute()
#42 /home/dev/www/test.salemhokei.loc/vendor/laravel/framework/src/Illuminate/Foundation/Http/Kernel.php(176): Illuminate\\Routing\\Router->dispatch()
#43 /home/dev/www/test.salemhokei.loc/vendor/laravel/framework/src/Illuminate/Routing/Pipeline.php(30): Illuminate\\Foundation\\Http\\Kernel->Illuminate\\Foundation\\Http\\{closure}()
#44 /home/dev/www/test.salemhokei.loc/vendor/laravel/framework/src/Illuminate/Foundation/Http/Middleware/TransformsRequest.php(21): Illuminate\\Routing\\Pipeline->Illuminate\\Routing\\{closure}()
#45 /home/dev/www/test.salemhokei.loc/vendor/laravel/framework/src/Illuminate/Pipeline/Pipeline.php(163): Illuminate\\Foundation\\Http\\Middleware\\TransformsRequest->handle()
#46 /home/dev/www/test.salemhokei.loc/vendor/laravel/framework/src/Illuminate/Routing/Pipeline.php(53): Illuminate\\Pipeline\\Pipeline->Illuminate\\Pipeline\\{closure}()
#47 /home/dev/www/test.salemhokei.loc/vendor/laravel/framework/src/Illuminate/Foundation/Http/Middleware/TransformsRequest.php(21): Illuminate\\Routing\\Pipeline->Illuminate\\Routing\\{closure}()
#48 /home/dev/www/test.salemhokei.loc/vendor/laravel/framework/src/Illuminate/Pipeline/Pipeline.php(163): Illuminate\\Foundation\\Http\\Middleware\\TransformsRequest->handle()
#49 /home/dev/www/test.salemhokei.loc/vendor/laravel/framework/src/Illuminate/Routing/Pipeline.php(53): Illuminate\\Pipeline\\Pipeline->Illuminate\\Pipeline\\{closure}()
#50 /home/dev/www/test.salemhokei.loc/vendor/laravel/framework/src/Illuminate/Foundation/Http/Middleware/ValidatePostSize.php(27): Illuminate\\Routing\\Pipeline->Illuminate\\Routing\\{closure}()
#51 /home/dev/www/test.salemhokei.loc/vendor/laravel/framework/src/Illuminate/Pipeline/Pipeline.php(163): Illuminate\\Foundation\\Http\\Middleware\\ValidatePostSize->handle()
#52 /home/dev/www/test.salemhokei.loc/vendor/laravel/framework/src/Illuminate/Routing/Pipeline.php(53): Illuminate\\Pipeline\\Pipeline->Illuminate\\Pipeline\\{closure}()
#53 /home/dev/www/test.salemhokei.loc/vendor/laravel/framework/src/Illuminate/Foundation/Http/Middleware/CheckForMaintenanceMode.php(62): Illuminate\\Routing\\Pipeline->Illuminate\\Routing\\{closure}()
#54 /home/dev/www/test.salemhokei.loc/vendor/laravel/framework/src/Illuminate/Pipeline/Pipeline.php(163): Illuminate\\Foundation\\Http\\Middleware\\CheckForMaintenanceMode->handle()
#55 /home/dev/www/test.salemhokei.loc/vendor/laravel/framework/src/Illuminate/Routing/Pipeline.php(53): Illuminate\\Pipeline\\Pipeline->Illuminate\\Pipeline\\{closure}()
#56 /home/dev/www/test.salemhokei.loc/vendor/fideloper/proxy/src/TrustProxies.php(57): Illuminate\\Routing\\Pipeline->Illuminate\\Routing\\{closure}()
#57 /home/dev/www/test.salemhokei.loc/vendor/laravel/framework/src/Illuminate/Pipeline/Pipeline.php(163): Fideloper\\Proxy\\TrustProxies->handle()
#58 /home/dev/www/test.salemhokei.loc/vendor/laravel/framework/src/Illuminate/Routing/Pipeline.php(53): Illuminate\\Pipeline\\Pipeline->Illuminate\\Pipeline\\{closure}()
#59 /home/dev/www/test.salemhokei.loc/vendor/laravel/framework/src/Illuminate/Pipeline/Pipeline.php(104): Illuminate\\Routing\\Pipeline->Illuminate\\Routing\\{closure}()
#60 /home/dev/www/test.salemhokei.loc/vendor/laravel/framework/src/Illuminate/Foundation/Http/Kernel.php(151): Illuminate\\Pipeline\\Pipeline->then()
#61 /home/dev/www/test.salemhokei.loc/vendor/laravel/framework/src/Illuminate/Foundation/Http/Kernel.php(116): Illuminate\\Foundation\\Http\\Kernel->sendRequestThroughRouter()
#62 /home/dev/www/test.salemhokei.loc/public/index.php(55): Illuminate\\Foundation\\Http\\Kernel->handle()
#63 {main}
"} 
[2021-08-12 05:54:30] local.ERROR: Connection to tcp://smtp.gmail.com:587 Timed Out {"exception":"[object] (Swift_TransportException(code: 0): Connection to tcp://smtp.gmail.com:587 Timed Out at /home/dev/www/test.salemhokei.loc/vendor/swiftmailer/swiftmailer/lib/classes/Swift/Transport/AbstractSmtpTransport.php:475, Swift_IoException(code: 0): Connection to tcp://smtp.gmail.com:587 Timed Out at /home/dev/www/test.salemhokei.loc/vendor/swiftmailer/swiftmailer/lib/classes/Swift/Transport/StreamBuffer.php:166)
[stacktrace]
#0 /home/dev/www/test.salemhokei.loc/vendor/swiftmailer/swiftmailer/lib/classes/Swift/Transport/AbstractSmtpTransport.php(342): Swift_Transport_AbstractSmtpTransport->getFullResponse()
#1 /home/dev/www/test.salemhokei.loc/vendor/swiftmailer/swiftmailer/lib/classes/Swift/Transport/EsmtpTransport.php(305): Swift_Transport_AbstractSmtpTransport->executeCommand()
#2 /home/dev/www/test.salemhokei.loc/vendor/swiftmailer/swiftmailer/lib/classes/Swift/Transport/AbstractSmtpTransport.php(367): Swift_Transport_EsmtpTransport->executeCommand()
#3 /home/dev/www/test.salemhokei.loc/vendor/swiftmailer/swiftmailer/lib/classes/Swift/Transport/EsmtpTransport.php(341): Swift_Transport_AbstractSmtpTransport->doHeloCommand()
#4 /home/dev/www/test.salemhokei.loc/vendor/swiftmailer/swiftmailer/lib/classes/Swift/Transport/AbstractSmtpTransport.php(148): Swift_Transport_EsmtpTransport->doHeloCommand()
#5 /home/dev/www/test.salemhokei.loc/vendor/swiftmailer/swiftmailer/lib/classes/Swift/Mailer.php(65): Swift_Transport_AbstractSmtpTransport->start()
#6 /home/dev/www/test.salemhokei.loc/vendor/laravel/framework/src/Illuminate/Mail/Mailer.php(484): Swift_Mailer->send()
#7 /home/dev/www/test.salemhokei.loc/vendor/laravel/framework/src/Illuminate/Mail/Mailer.php(259): Illuminate\\Mail\\Mailer->sendSwiftMessage()
#8 /home/dev/www/test.salemhokei.loc/vendor/laravel/framework/src/Illuminate/Support/Facades/Facade.php(239): Illuminate\\Mail\\Mailer->send()
#9 /home/dev/www/test.salemhokei.loc/app/Http/Controllers/App/PageController.php(229): Illuminate\\Support\\Facades\\Facade::__callStatic()
#10 [internal function]: App\\Http\\Controllers\\App\\PageController->record_to_school()
#11 /home/dev/www/test.salemhokei.loc/vendor/laravel/framework/src/Illuminate/Routing/Controller.php(54): call_user_func_array()
#12 /home/dev/www/test.salemhokei.loc/vendor/laravel/framework/src/Illuminate/Routing/ControllerDispatcher.php(45): Illuminate\\Routing\\Controller->callAction()
#13 /home/dev/www/test.salemhokei.loc/vendor/laravel/framework/src/Illuminate/Routing/Route.php(219): Illuminate\\Routing\\ControllerDispatcher->dispatch()
#14 /home/dev/www/test.salemhokei.loc/vendor/laravel/framework/src/Illuminate/Routing/Route.php(176): Illuminate\\Routing\\Route->runController()
#15 /home/dev/www/test.salemhokei.loc/vendor/laravel/framework/src/Illuminate/Routing/Router.php(680): Illuminate\\Routing\\Route->run()
#16 /home/dev/www/test.salemhokei.loc/vendor/laravel/framework/src/Illuminate/Routing/Pipeline.php(30): Illuminate\\Routing\\Router->Illuminate\\Routing\\{closure}()
#17 /home/dev/www/test.salemhokei.loc/app/Http/Middleware/GenerateMenus.php(54): Illuminate\\Routing\\Pipeline->Illuminate\\Routing\\{closure}()
#18 /home/dev/www/test.salemhokei.loc/vendor/laravel/framework/src/Illuminate/Pipeline/Pipeline.php(163): App\\Http\\Middleware\\GenerateMenus->handle()
#19 /home/dev/www/test.salemhokei.loc/vendor/laravel/framework/src/Illuminate/Routing/Pipeline.php(53): Illuminate\\Pipeline\\Pipeline->Illuminate\\Pipeline\\{closure}()
#20 /home/dev/www/test.salemhokei.loc/vendor/laravel/framework/src/Illuminate/Routing/Middleware/SubstituteBindings.php(41): Illuminate\\Routing\\Pipeline->Illuminate\\Routing\\{closure}()
#21 /home/dev/www/test.salemhokei.loc/vendor/laravel/framework/src/Illuminate/Pipeline/Pipeline.php(163): Illuminate\\Routing\\Middleware\\SubstituteBindings->handle()
#22 /home/dev/www/test.salemhokei.loc/vendor/laravel/framework/src/Illuminate/Routing/Pipeline.php(53): Illuminate\\Pipeline\\Pipeline->Illuminate\\Pipeline\\{closure}()
#23 /home/dev/www/test.salemhokei.loc/vendor/laravel/framework/src/Illuminate/Foundation/Http/Middleware/VerifyCsrfToken.php(75): Illuminate\\Routing\\Pipeline->Illuminate\\Routing\\{closure}()
#24 /home/dev/www/test.salemhokei.loc/vendor/laravel/framework/src/Illuminate/Pipeline/Pipeline.php(163): Illuminate\\Foundation\\Http\\Middleware\\VerifyCsrfToken->handle()
#25 /home/dev/www/test.salemhokei.loc/vendor/laravel/framework/src/Illuminate/Routing/Pipeline.php(53): Illuminate\\Pipeline\\Pipeline->Illuminate\\Pipeline\\{closure}()
#26 /home/dev/www/test.salemhokei.loc/vendor/laravel/framework/src/Illuminate/View/Middleware/ShareErrorsFromSession.php(49): Illuminate\\Routing\\Pipeline->Illuminate\\Routing\\{closure}()
#27 /home/dev/www/test.salemhokei.loc/vendor/laravel/framework/src/Illuminate/Pipeline/Pipeline.php(163): Illuminate\\View\\Middleware\\ShareErrorsFromSession->handle()
#28 /home/dev/www/test.salemhokei.loc/vendor/laravel/framework/src/Illuminate/Routing/Pipeline.php(53): Illuminate\\Pipeline\\Pipeline->Illuminate\\Pipeline\\{closure}()
#29 /home/dev/www/test.salemhokei.loc/vendor/laravel/framework/src/Illuminate/Session/Middleware/StartSession.php(56): Illuminate\\Routing\\Pipeline->Illuminate\\Routing\\{closure}()
#30 /home/dev/www/test.salemhokei.loc/vendor/laravel/framework/src/Illuminate/Pipeline/Pipeline.php(163): Illuminate\\Session\\Middleware\\StartSession->handle()
#31 /home/dev/www/test.salemhokei.loc/vendor/laravel/framework/src/Illuminate/Routing/Pipeline.php(53): Illuminate\\Pipeline\\Pipeline->Illuminate\\Pipeline\\{closure}()
#32 /home/dev/www/test.salemhokei.loc/vendor/laravel/framework/src/Illuminate/Cookie/Middleware/AddQueuedCookiesToResponse.php(37): Illuminate\\Routing\\Pipeline->Illuminate\\Routing\\{closure}()
#33 /home/dev/www/test.salemhokei.loc/vendor/laravel/framework/src/Illuminate/Pipeline/Pipeline.php(163): Illuminate\\Cookie\\Middleware\\AddQueuedCookiesToResponse->handle()
#34 /home/dev/www/test.salemhokei.loc/vendor/laravel/framework/src/Illuminate/Routing/Pipeline.php(53): Illuminate\\Pipeline\\Pipeline->Illuminate\\Pipeline\\{closure}()
#35 /home/dev/www/test.salemhokei.loc/vendor/laravel/framework/src/Illuminate/Cookie/Middleware/EncryptCookies.php(66): Illuminate\\Routing\\Pipeline->Illuminate\\Routing\\{closure}()
#36 /home/dev/www/test.salemhokei.loc/vendor/laravel/framework/src/Illuminate/Pipeline/Pipeline.php(163): Illuminate\\Cookie\\Middleware\\EncryptCookies->handle()
#37 /home/dev/www/test.salemhokei.loc/vendor/laravel/framework/src/Illuminate/Routing/Pipeline.php(53): Illuminate\\Pipeline\\Pipeline->Illuminate\\Pipeline\\{closure}()
#38 /home/dev/www/test.salemhokei.loc/vendor/laravel/framework/src/Illuminate/Pipeline/Pipeline.php(104): Illuminate\\Routing\\Pipeline->Illuminate\\Routing\\{closure}()
#39 /home/dev/www/test.salemhokei.loc/vendor/laravel/framework/src/Illuminate/Routing/Router.php(682): Illuminate\\Pipeline\\Pipeline->then()
#40 /home/dev/www/test.salemhokei.loc/vendor/laravel/framework/src/Illuminate/Routing/Router.php(657): Illuminate\\Routing\\Router->runRouteWithinStack()
#41 /home/dev/www/test.salemhokei.loc/vendor/laravel/framework/src/Illuminate/Routing/Router.php(623): Illuminate\\Routing\\Router->runRoute()
#42 /home/dev/www/test.salemhokei.loc/vendor/laravel/framework/src/Illuminate/Routing/Router.php(612): Illuminate\\Routing\\Router->dispatchToRoute()
#43 /home/dev/www/test.salemhokei.loc/vendor/laravel/framework/src/Illuminate/Foundation/Http/Kernel.php(176): Illuminate\\Routing\\Router->dispatch()
#44 /home/dev/www/test.salemhokei.loc/vendor/laravel/framework/src/Illuminate/Routing/Pipeline.php(30): Illuminate\\Foundation\\Http\\Kernel->Illuminate\\Foundation\\Http\\{closure}()
#45 /home/dev/www/test.salemhokei.loc/vendor/laravel/framework/src/Illuminate/Foundation/Http/Middleware/TransformsRequest.php(21): Illuminate\\Routing\\Pipeline->Illuminate\\Routing\\{closure}()
#46 /home/dev/www/test.salemhokei.loc/vendor/laravel/framework/src/Illuminate/Pipeline/Pipeline.php(163): Illuminate\\Foundation\\Http\\Middleware\\TransformsRequest->handle()
#47 /home/dev/www/test.salemhokei.loc/vendor/laravel/framework/src/Illuminate/Routing/Pipeline.php(53): Illuminate\\Pipeline\\Pipeline->Illuminate\\Pipeline\\{closure}()
#48 /home/dev/www/test.salemhokei.loc/vendor/laravel/framework/src/Illuminate/Foundation/Http/Middleware/TransformsRequest.php(21): Illuminate\\Routing\\Pipeline->Illuminate\\Routing\\{closure}()
#49 /home/dev/www/test.salemhokei.loc/vendor/laravel/framework/src/Illuminate/Pipeline/Pipeline.php(163): Illuminate\\Foundation\\Http\\Middleware\\TransformsRequest->handle()
#50 /home/dev/www/test.salemhokei.loc/vendor/laravel/framework/src/Illuminate/Routing/Pipeline.php(53): Illuminate\\Pipeline\\Pipeline->Illuminate\\Pipeline\\{closure}()
#51 /home/dev/www/test.salemhokei.loc/vendor/laravel/framework/src/Illuminate/Foundation/Http/Middleware/ValidatePostSize.php(27): Illuminate\\Routing\\Pipeline->Illuminate\\Routing\\{closure}()
#52 /home/dev/www/test.salemhokei.loc/vendor/laravel/framework/src/Illuminate/Pipeline/Pipeline.php(163): Illuminate\\Foundation\\Http\\Middleware\\ValidatePostSize->handle()
#53 /home/dev/www/test.salemhokei.loc/vendor/laravel/framework/src/Illuminate/Routing/Pipeline.php(53): Illuminate\\Pipeline\\Pipeline->Illuminate\\Pipeline\\{closure}()
#54 /home/dev/www/test.salemhokei.loc/vendor/laravel/framework/src/Illuminate/Foundation/Http/Middleware/CheckForMaintenanceMode.php(62): Illuminate\\Routing\\Pipeline->Illuminate\\Routing\\{closure}()
#55 /home/dev/www/test.salemhokei.loc/vendor/laravel/framework/src/Illuminate/Pipeline/Pipeline.php(163): Illuminate\\Foundation\\Http\\Middleware\\CheckForMaintenanceMode->handle()
#56 /home/dev/www/test.salemhokei.loc/vendor/laravel/framework/src/Illuminate/Routing/Pipeline.php(53): Illuminate\\Pipeline\\Pipeline->Illuminate\\Pipeline\\{closure}()
#57 /home/dev/www/test.salemhokei.loc/vendor/fideloper/proxy/src/TrustProxies.php(57): Illuminate\\Routing\\Pipeline->Illuminate\\Routing\\{closure}()
#58 /home/dev/www/test.salemhokei.loc/vendor/laravel/framework/src/Illuminate/Pipeline/Pipeline.php(163): Fideloper\\Proxy\\TrustProxies->handle()
#59 /home/dev/www/test.salemhokei.loc/vendor/laravel/framework/src/Illuminate/Routing/Pipeline.php(53): Illuminate\\Pipeline\\Pipeline->Illuminate\\Pipeline\\{closure}()
#60 /home/dev/www/test.salemhokei.loc/vendor/laravel/framework/src/Illuminate/Pipeline/Pipeline.php(104): Illuminate\\Routing\\Pipeline->Illuminate\\Routing\\{closure}()
#61 /home/dev/www/test.salemhokei.loc/vendor/laravel/framework/src/Illuminate/Foundation/Http/Kernel.php(151): Illuminate\\Pipeline\\Pipeline->then()
#62 /home/dev/www/test.salemhokei.loc/vendor/laravel/framework/src/Illuminate/Foundation/Http/Kernel.php(116): Illuminate\\Foundation\\Http\\Kernel->sendRequestThroughRouter()
#63 /home/dev/www/test.salemhokei.loc/public/index.php(55): Illuminate\\Foundation\\Http\\Kernel->handle()
#64 {main}
"} 
[2021-08-12 05:55:06] local.ERROR: Connection to tcp://smtp.gmail.com:587 Timed Out {"exception":"[object] (Swift_TransportException(code: 0): Connection to tcp://smtp.gmail.com:587 Timed Out at /home/dev/www/test.salemhokei.loc/vendor/swiftmailer/swiftmailer/lib/classes/Swift/Transport/AbstractSmtpTransport.php:475, Swift_IoException(code: 0): Connection to tcp://smtp.gmail.com:587 Timed Out at /home/dev/www/test.salemhokei.loc/vendor/swiftmailer/swiftmailer/lib/classes/Swift/Transport/StreamBuffer.php:166)
[stacktrace]
#0 /home/dev/www/test.salemhokei.loc/vendor/swiftmailer/swiftmailer/lib/classes/Swift/Transport/AbstractSmtpTransport.php(342): Swift_Transport_AbstractSmtpTransport->getFullResponse()
#1 /home/dev/www/test.salemhokei.loc/vendor/swiftmailer/swiftmailer/lib/classes/Swift/Transport/EsmtpTransport.php(305): Swift_Transport_AbstractSmtpTransport->executeCommand()
#2 /home/dev/www/test.salemhokei.loc/vendor/swiftmailer/swiftmailer/lib/classes/Swift/Transport/AbstractSmtpTransport.php(367): Swift_Transport_EsmtpTransport->executeCommand()
#3 /home/dev/www/test.salemhokei.loc/vendor/swiftmailer/swiftmailer/lib/classes/Swift/Transport/EsmtpTransport.php(341): Swift_Transport_AbstractSmtpTransport->doHeloCommand()
#4 /home/dev/www/test.salemhokei.loc/vendor/swiftmailer/swiftmailer/lib/classes/Swift/Transport/AbstractSmtpTransport.php(148): Swift_Transport_EsmtpTransport->doHeloCommand()
#5 /home/dev/www/test.salemhokei.loc/vendor/swiftmailer/swiftmailer/lib/classes/Swift/Mailer.php(65): Swift_Transport_AbstractSmtpTransport->start()
#6 /home/dev/www/test.salemhokei.loc/vendor/laravel/framework/src/Illuminate/Mail/Mailer.php(484): Swift_Mailer->send()
#7 /home/dev/www/test.salemhokei.loc/vendor/laravel/framework/src/Illuminate/Mail/Mailer.php(259): Illuminate\\Mail\\Mailer->sendSwiftMessage()
#8 /home/dev/www/test.salemhokei.loc/vendor/laravel/framework/src/Illuminate/Support/Facades/Facade.php(239): Illuminate\\Mail\\Mailer->send()
#9 /home/dev/www/test.salemhokei.loc/app/Http/Controllers/App/PageController.php(229): Illuminate\\Support\\Facades\\Facade::__callStatic()
#10 [internal function]: App\\Http\\Controllers\\App\\PageController->record_to_school()
#11 /home/dev/www/test.salemhokei.loc/vendor/laravel/framework/src/Illuminate/Routing/Controller.php(54): call_user_func_array()
#12 /home/dev/www/test.salemhokei.loc/vendor/laravel/framework/src/Illuminate/Routing/ControllerDispatcher.php(45): Illuminate\\Routing\\Controller->callAction()
#13 /home/dev/www/test.salemhokei.loc/vendor/laravel/framework/src/Illuminate/Routing/Route.php(219): Illuminate\\Routing\\ControllerDispatcher->dispatch()
#14 /home/dev/www/test.salemhokei.loc/vendor/laravel/framework/src/Illuminate/Routing/Route.php(176): Illuminate\\Routing\\Route->runController()
#15 /home/dev/www/test.salemhokei.loc/vendor/laravel/framework/src/Illuminate/Routing/Router.php(680): Illuminate\\Routing\\Route->run()
#16 /home/dev/www/test.salemhokei.loc/vendor/laravel/framework/src/Illuminate/Routing/Pipeline.php(30): Illuminate\\Routing\\Router->Illuminate\\Routing\\{closure}()
#17 /home/dev/www/test.salemhokei.loc/app/Http/Middleware/GenerateMenus.php(54): Illuminate\\Routing\\Pipeline->Illuminate\\Routing\\{closure}()
#18 /home/dev/www/test.salemhokei.loc/vendor/laravel/framework/src/Illuminate/Pipeline/Pipeline.php(163): App\\Http\\Middleware\\GenerateMenus->handle()
#19 /home/dev/www/test.salemhokei.loc/vendor/laravel/framework/src/Illuminate/Routing/Pipeline.php(53): Illuminate\\Pipeline\\Pipeline->Illuminate\\Pipeline\\{closure}()
#20 /home/dev/www/test.salemhokei.loc/vendor/laravel/framework/src/Illuminate/Routing/Middleware/SubstituteBindings.php(41): Illuminate\\Routing\\Pipeline->Illuminate\\Routing\\{closure}()
#21 /home/dev/www/test.salemhokei.loc/vendor/laravel/framework/src/Illuminate/Pipeline/Pipeline.php(163): Illuminate\\Routing\\Middleware\\SubstituteBindings->handle()
#22 /home/dev/www/test.salemhokei.loc/vendor/laravel/framework/src/Illuminate/Routing/Pipeline.php(53): Illuminate\\Pipeline\\Pipeline->Illuminate\\Pipeline\\{closure}()
#23 /home/dev/www/test.salemhokei.loc/vendor/laravel/framework/src/Illuminate/Foundation/Http/Middleware/VerifyCsrfToken.php(75): Illuminate\\Routing\\Pipeline->Illuminate\\Routing\\{closure}()
#24 /home/dev/www/test.salemhokei.loc/vendor/laravel/framework/src/Illuminate/Pipeline/Pipeline.php(163): Illuminate\\Foundation\\Http\\Middleware\\VerifyCsrfToken->handle()
#25 /home/dev/www/test.salemhokei.loc/vendor/laravel/framework/src/Illuminate/Routing/Pipeline.php(53): Illuminate\\Pipeline\\Pipeline->Illuminate\\Pipeline\\{closure}()
#26 /home/dev/www/test.salemhokei.loc/vendor/laravel/framework/src/Illuminate/View/Middleware/ShareErrorsFromSession.php(49): Illuminate\\Routing\\Pipeline->Illuminate\\Routing\\{closure}()
#27 /home/dev/www/test.salemhokei.loc/vendor/laravel/framework/src/Illuminate/Pipeline/Pipeline.php(163): Illuminate\\View\\Middleware\\ShareErrorsFromSession->handle()
#28 /home/dev/www/test.salemhokei.loc/vendor/laravel/framework/src/Illuminate/Routing/Pipeline.php(53): Illuminate\\Pipeline\\Pipeline->Illuminate\\Pipeline\\{closure}()
#29 /home/dev/www/test.salemhokei.loc/vendor/laravel/framework/src/Illuminate/Session/Middleware/StartSession.php(56): Illuminate\\Routing\\Pipeline->Illuminate\\Routing\\{closure}()
#30 /home/dev/www/test.salemhokei.loc/vendor/laravel/framework/src/Illuminate/Pipeline/Pipeline.php(163): Illuminate\\Session\\Middleware\\StartSession->handle()
#31 /home/dev/www/test.salemhokei.loc/vendor/laravel/framework/src/Illuminate/Routing/Pipeline.php(53): Illuminate\\Pipeline\\Pipeline->Illuminate\\Pipeline\\{closure}()
#32 /home/dev/www/test.salemhokei.loc/vendor/laravel/framework/src/Illuminate/Cookie/Middleware/AddQueuedCookiesToResponse.php(37): Illuminate\\Routing\\Pipeline->Illuminate\\Routing\\{closure}()
#33 /home/dev/www/test.salemhokei.loc/vendor/laravel/framework/src/Illuminate/Pipeline/Pipeline.php(163): Illuminate\\Cookie\\Middleware\\AddQueuedCookiesToResponse->handle()
#34 /home/dev/www/test.salemhokei.loc/vendor/laravel/framework/src/Illuminate/Routing/Pipeline.php(53): Illuminate\\Pipeline\\Pipeline->Illuminate\\Pipeline\\{closure}()
#35 /home/dev/www/test.salemhokei.loc/vendor/laravel/framework/src/Illuminate/Cookie/Middleware/EncryptCookies.php(66): Illuminate\\Routing\\Pipeline->Illuminate\\Routing\\{closure}()
#36 /home/dev/www/test.salemhokei.loc/vendor/laravel/framework/src/Illuminate/Pipeline/Pipeline.php(163): Illuminate\\Cookie\\Middleware\\EncryptCookies->handle()
#37 /home/dev/www/test.salemhokei.loc/vendor/laravel/framework/src/Illuminate/Routing/Pipeline.php(53): Illuminate\\Pipeline\\Pipeline->Illuminate\\Pipeline\\{closure}()
#38 /home/dev/www/test.salemhokei.loc/vendor/laravel/framework/src/Illuminate/Pipeline/Pipeline.php(104): Illuminate\\Routing\\Pipeline->Illuminate\\Routing\\{closure}()
#39 /home/dev/www/test.salemhokei.loc/vendor/laravel/framework/src/Illuminate/Routing/Router.php(682): Illuminate\\Pipeline\\Pipeline->then()
#40 /home/dev/www/test.salemhokei.loc/vendor/laravel/framework/src/Illuminate/Routing/Router.php(657): Illuminate\\Routing\\Router->runRouteWithinStack()
#41 /home/dev/www/test.salemhokei.loc/vendor/laravel/framework/src/Illuminate/Routing/Router.php(623): Illuminate\\Routing\\Router->runRoute()
#42 /home/dev/www/test.salemhokei.loc/vendor/laravel/framework/src/Illuminate/Routing/Router.php(612): Illuminate\\Routing\\Router->dispatchToRoute()
#43 /home/dev/www/test.salemhokei.loc/vendor/laravel/framework/src/Illuminate/Foundation/Http/Kernel.php(176): Illuminate\\Routing\\Router->dispatch()
#44 /home/dev/www/test.salemhokei.loc/vendor/laravel/framework/src/Illuminate/Routing/Pipeline.php(30): Illuminate\\Foundation\\Http\\Kernel->Illuminate\\Foundation\\Http\\{closure}()
#45 /home/dev/www/test.salemhokei.loc/vendor/laravel/framework/src/Illuminate/Foundation/Http/Middleware/TransformsRequest.php(21): Illuminate\\Routing\\Pipeline->Illuminate\\Routing\\{closure}()
#46 /home/dev/www/test.salemhokei.loc/vendor/laravel/framework/src/Illuminate/Pipeline/Pipeline.php(163): Illuminate\\Foundation\\Http\\Middleware\\TransformsRequest->handle()
#47 /home/dev/www/test.salemhokei.loc/vendor/laravel/framework/src/Illuminate/Routing/Pipeline.php(53): Illuminate\\Pipeline\\Pipeline->Illuminate\\Pipeline\\{closure}()
#48 /home/dev/www/test.salemhokei.loc/vendor/laravel/framework/src/Illuminate/Foundation/Http/Middleware/TransformsRequest.php(21): Illuminate\\Routing\\Pipeline->Illuminate\\Routing\\{closure}()
#49 /home/dev/www/test.salemhokei.loc/vendor/laravel/framework/src/Illuminate/Pipeline/Pipeline.php(163): Illuminate\\Foundation\\Http\\Middleware\\TransformsRequest->handle()
#50 /home/dev/www/test.salemhokei.loc/vendor/laravel/framework/src/Illuminate/Routing/Pipeline.php(53): Illuminate\\Pipeline\\Pipeline->Illuminate\\Pipeline\\{closure}()
#51 /home/dev/www/test.salemhokei.loc/vendor/laravel/framework/src/Illuminate/Foundation/Http/Middleware/ValidatePostSize.php(27): Illuminate\\Routing\\Pipeline->Illuminate\\Routing\\{closure}()
#52 /home/dev/www/test.salemhokei.loc/vendor/laravel/framework/src/Illuminate/Pipeline/Pipeline.php(163): Illuminate\\Foundation\\Http\\Middleware\\ValidatePostSize->handle()
#53 /home/dev/www/test.salemhokei.loc/vendor/laravel/framework/src/Illuminate/Routing/Pipeline.php(53): Illuminate\\Pipeline\\Pipeline->Illuminate\\Pipeline\\{closure}()
#54 /home/dev/www/test.salemhokei.loc/vendor/laravel/framework/src/Illuminate/Foundation/Http/Middleware/CheckForMaintenanceMode.php(62): Illuminate\\Routing\\Pipeline->Illuminate\\Routing\\{closure}()
#55 /home/dev/www/test.salemhokei.loc/vendor/laravel/framework/src/Illuminate/Pipeline/Pipeline.php(163): Illuminate\\Foundation\\Http\\Middleware\\CheckForMaintenanceMode->handle()
#56 /home/dev/www/test.salemhokei.loc/vendor/laravel/framework/src/Illuminate/Routing/Pipeline.php(53): Illuminate\\Pipeline\\Pipeline->Illuminate\\Pipeline\\{closure}()
#57 /home/dev/www/test.salemhokei.loc/vendor/fideloper/proxy/src/TrustProxies.php(57): Illuminate\\Routing\\Pipeline->Illuminate\\Routing\\{closure}()
#58 /home/dev/www/test.salemhokei.loc/vendor/laravel/framework/src/Illuminate/Pipeline/Pipeline.php(163): Fideloper\\Proxy\\TrustProxies->handle()
#59 /home/dev/www/test.salemhokei.loc/vendor/laravel/framework/src/Illuminate/Routing/Pipeline.php(53): Illuminate\\Pipeline\\Pipeline->Illuminate\\Pipeline\\{closure}()
#60 /home/dev/www/test.salemhokei.loc/vendor/laravel/framework/src/Illuminate/Pipeline/Pipeline.php(104): Illuminate\\Routing\\Pipeline->Illuminate\\Routing\\{closure}()
#61 /home/dev/www/test.salemhokei.loc/vendor/laravel/framework/src/Illuminate/Foundation/Http/Kernel.php(151): Illuminate\\Pipeline\\Pipeline->then()
#62 /home/dev/www/test.salemhokei.loc/vendor/laravel/framework/src/Illuminate/Foundation/Http/Kernel.php(116): Illuminate\\Foundation\\Http\\Kernel->sendRequestThroughRouter()
#63 /home/dev/www/test.salemhokei.loc/public/index.php(55): Illuminate\\Foundation\\Http\\Kernel->handle()
#64 {main}
"} 
[2021-08-12 13:23:35] local.ERROR: Connection could not be established with host srv-plesk45.ps.kz :stream_socket_client(): SSL operation failed with code 1. OpenSSL Error messages:
error:1408F10B:SSL routines:ssl3_get_record:wrong version number {"exception":"[object] (Swift_TransportException(code: 0): Connection could not be established with host srv-plesk45.ps.kz :stream_socket_client(): SSL operation failed with code 1. OpenSSL Error messages:
error:1408F10B:SSL routines:ssl3_get_record:wrong version number at /home/dev/www/test.salemhokei.loc/vendor/swiftmailer/swiftmailer/lib/classes/Swift/Transport/StreamBuffer.php:261)
[stacktrace]
#0 [internal function]: Swift_Transport_StreamBuffer->{closure}()
#1 /home/dev/www/test.salemhokei.loc/vendor/swiftmailer/swiftmailer/lib/classes/Swift/Transport/StreamBuffer.php(264): stream_socket_client()
#2 /home/dev/www/test.salemhokei.loc/vendor/swiftmailer/swiftmailer/lib/classes/Swift/Transport/StreamBuffer.php(58): Swift_Transport_StreamBuffer->establishSocketConnection()
#3 /home/dev/www/test.salemhokei.loc/vendor/swiftmailer/swiftmailer/lib/classes/Swift/Transport/AbstractSmtpTransport.php(143): Swift_Transport_StreamBuffer->initialize()
#4 /home/dev/www/test.salemhokei.loc/vendor/swiftmailer/swiftmailer/lib/classes/Swift/Mailer.php(65): Swift_Transport_AbstractSmtpTransport->start()
#5 /home/dev/www/test.salemhokei.loc/vendor/laravel/framework/src/Illuminate/Mail/Mailer.php(484): Swift_Mailer->send()
#6 /home/dev/www/test.salemhokei.loc/vendor/laravel/framework/src/Illuminate/Mail/Mailer.php(259): Illuminate\\Mail\\Mailer->sendSwiftMessage()
#7 /home/dev/www/test.salemhokei.loc/vendor/laravel/framework/src/Illuminate/Support/Facades/Facade.php(239): Illuminate\\Mail\\Mailer->send()
#8 /home/dev/www/test.salemhokei.loc/app/Http/Controllers/App/PageController.php(229): Illuminate\\Support\\Facades\\Facade::__callStatic()
#9 [internal function]: App\\Http\\Controllers\\App\\PageController->record_to_school()
#10 /home/dev/www/test.salemhokei.loc/vendor/laravel/framework/src/Illuminate/Routing/Controller.php(54): call_user_func_array()
#11 /home/dev/www/test.salemhokei.loc/vendor/laravel/framework/src/Illuminate/Routing/ControllerDispatcher.php(45): Illuminate\\Routing\\Controller->callAction()
#12 /home/dev/www/test.salemhokei.loc/vendor/laravel/framework/src/Illuminate/Routing/Route.php(219): Illuminate\\Routing\\ControllerDispatcher->dispatch()
#13 /home/dev/www/test.salemhokei.loc/vendor/laravel/framework/src/Illuminate/Routing/Route.php(176): Illuminate\\Routing\\Route->runController()
#14 /home/dev/www/test.salemhokei.loc/vendor/laravel/framework/src/Illuminate/Routing/Router.php(680): Illuminate\\Routing\\Route->run()
#15 /home/dev/www/test.salemhokei.loc/vendor/laravel/framework/src/Illuminate/Routing/Pipeline.php(30): Illuminate\\Routing\\Router->Illuminate\\Routing\\{closure}()
#16 /home/dev/www/test.salemhokei.loc/app/Http/Middleware/GenerateMenus.php(54): Illuminate\\Routing\\Pipeline->Illuminate\\Routing\\{closure}()
#17 /home/dev/www/test.salemhokei.loc/vendor/laravel/framework/src/Illuminate/Pipeline/Pipeline.php(163): App\\Http\\Middleware\\GenerateMenus->handle()
#18 /home/dev/www/test.salemhokei.loc/vendor/laravel/framework/src/Illuminate/Routing/Pipeline.php(53): Illuminate\\Pipeline\\Pipeline->Illuminate\\Pipeline\\{closure}()
#19 /home/dev/www/test.salemhokei.loc/vendor/laravel/framework/src/Illuminate/Routing/Middleware/SubstituteBindings.php(41): Illuminate\\Routing\\Pipeline->Illuminate\\Routing\\{closure}()
#20 /home/dev/www/test.salemhokei.loc/vendor/laravel/framework/src/Illuminate/Pipeline/Pipeline.php(163): Illuminate\\Routing\\Middleware\\SubstituteBindings->handle()
#21 /home/dev/www/test.salemhokei.loc/vendor/laravel/framework/src/Illuminate/Routing/Pipeline.php(53): Illuminate\\Pipeline\\Pipeline->Illuminate\\Pipeline\\{closure}()
#22 /home/dev/www/test.salemhokei.loc/vendor/laravel/framework/src/Illuminate/Foundation/Http/Middleware/VerifyCsrfToken.php(75): Illuminate\\Routing\\Pipeline->Illuminate\\Routing\\{closure}()
#23 /home/dev/www/test.salemhokei.loc/vendor/laravel/framework/src/Illuminate/Pipeline/Pipeline.php(163): Illuminate\\Foundation\\Http\\Middleware\\VerifyCsrfToken->handle()
#24 /home/dev/www/test.salemhokei.loc/vendor/laravel/framework/src/Illuminate/Routing/Pipeline.php(53): Illuminate\\Pipeline\\Pipeline->Illuminate\\Pipeline\\{closure}()
#25 /home/dev/www/test.salemhokei.loc/vendor/laravel/framework/src/Illuminate/View/Middleware/ShareErrorsFromSession.php(49): Illuminate\\Routing\\Pipeline->Illuminate\\Routing\\{closure}()
#26 /home/dev/www/test.salemhokei.loc/vendor/laravel/framework/src/Illuminate/Pipeline/Pipeline.php(163): Illuminate\\View\\Middleware\\ShareErrorsFromSession->handle()
#27 /home/dev/www/test.salemhokei.loc/vendor/laravel/framework/src/Illuminate/Routing/Pipeline.php(53): Illuminate\\Pipeline\\Pipeline->Illuminate\\Pipeline\\{closure}()
#28 /home/dev/www/test.salemhokei.loc/vendor/laravel/framework/src/Illuminate/Session/Middleware/StartSession.php(56): Illuminate\\Routing\\Pipeline->Illuminate\\Routing\\{closure}()
#29 /home/dev/www/test.salemhokei.loc/vendor/laravel/framework/src/Illuminate/Pipeline/Pipeline.php(163): Illuminate\\Session\\Middleware\\StartSession->handle()
#30 /home/dev/www/test.salemhokei.loc/vendor/laravel/framework/src/Illuminate/Routing/Pipeline.php(53): Illuminate\\Pipeline\\Pipeline->Illuminate\\Pipeline\\{closure}()
#31 /home/dev/www/test.salemhokei.loc/vendor/laravel/framework/src/Illuminate/Cookie/Middleware/AddQueuedCookiesToResponse.php(37): Illuminate\\Routing\\Pipeline->Illuminate\\Routing\\{closure}()
#32 /home/dev/www/test.salemhokei.loc/vendor/laravel/framework/src/Illuminate/Pipeline/Pipeline.php(163): Illuminate\\Cookie\\Middleware\\AddQueuedCookiesToResponse->handle()
#33 /home/dev/www/test.salemhokei.loc/vendor/laravel/framework/src/Illuminate/Routing/Pipeline.php(53): Illuminate\\Pipeline\\Pipeline->Illuminate\\Pipeline\\{closure}()
#34 /home/dev/www/test.salemhokei.loc/vendor/laravel/framework/src/Illuminate/Cookie/Middleware/EncryptCookies.php(66): Illuminate\\Routing\\Pipeline->Illuminate\\Routing\\{closure}()
#35 /home/dev/www/test.salemhokei.loc/vendor/laravel/framework/src/Illuminate/Pipeline/Pipeline.php(163): Illuminate\\Cookie\\Middleware\\EncryptCookies->handle()
#36 /home/dev/www/test.salemhokei.loc/vendor/laravel/framework/src/Illuminate/Routing/Pipeline.php(53): Illuminate\\Pipeline\\Pipeline->Illuminate\\Pipeline\\{closure}()
#37 /home/dev/www/test.salemhokei.loc/vendor/laravel/framework/src/Illuminate/Pipeline/Pipeline.php(104): Illuminate\\Routing\\Pipeline->Illuminate\\Routing\\{closure}()
#38 /home/dev/www/test.salemhokei.loc/vendor/laravel/framework/src/Illuminate/Routing/Router.php(682): Illuminate\\Pipeline\\Pipeline->then()
#39 /home/dev/www/test.salemhokei.loc/vendor/laravel/framework/src/Illuminate/Routing/Router.php(657): Illuminate\\Routing\\Router->runRouteWithinStack()
#40 /home/dev/www/test.salemhokei.loc/vendor/laravel/framework/src/Illuminate/Routing/Router.php(623): Illuminate\\Routing\\Router->runRoute()
#41 /home/dev/www/test.salemhokei.loc/vendor/laravel/framework/src/Illuminate/Routing/Router.php(612): Illuminate\\Routing\\Router->dispatchToRoute()
#42 /home/dev/www/test.salemhokei.loc/vendor/laravel/framework/src/Illuminate/Foundation/Http/Kernel.php(176): Illuminate\\Routing\\Router->dispatch()
#43 /home/dev/www/test.salemhokei.loc/vendor/laravel/framework/src/Illuminate/Routing/Pipeline.php(30): Illuminate\\Foundation\\Http\\Kernel->Illuminate\\Foundation\\Http\\{closure}()
#44 /home/dev/www/test.salemhokei.loc/vendor/laravel/framework/src/Illuminate/Foundation/Http/Middleware/TransformsRequest.php(21): Illuminate\\Routing\\Pipeline->Illuminate\\Routing\\{closure}()
#45 /home/dev/www/test.salemhokei.loc/vendor/laravel/framework/src/Illuminate/Pipeline/Pipeline.php(163): Illuminate\\Foundation\\Http\\Middleware\\TransformsRequest->handle()
#46 /home/dev/www/test.salemhokei.loc/vendor/laravel/framework/src/Illuminate/Routing/Pipeline.php(53): Illuminate\\Pipeline\\Pipeline->Illuminate\\Pipeline\\{closure}()
#47 /home/dev/www/test.salemhokei.loc/vendor/laravel/framework/src/Illuminate/Foundation/Http/Middleware/TransformsRequest.php(21): Illuminate\\Routing\\Pipeline->Illuminate\\Routing\\{closure}()
#48 /home/dev/www/test.salemhokei.loc/vendor/laravel/framework/src/Illuminate/Pipeline/Pipeline.php(163): Illuminate\\Foundation\\Http\\Middleware\\TransformsRequest->handle()
#49 /home/dev/www/test.salemhokei.loc/vendor/laravel/framework/src/Illuminate/Routing/Pipeline.php(53): Illuminate\\Pipeline\\Pipeline->Illuminate\\Pipeline\\{closure}()
#50 /home/dev/www/test.salemhokei.loc/vendor/laravel/framework/src/Illuminate/Foundation/Http/Middleware/ValidatePostSize.php(27): Illuminate\\Routing\\Pipeline->Illuminate\\Routing\\{closure}()
#51 /home/dev/www/test.salemhokei.loc/vendor/laravel/framework/src/Illuminate/Pipeline/Pipeline.php(163): Illuminate\\Foundation\\Http\\Middleware\\ValidatePostSize->handle()
#52 /home/dev/www/test.salemhokei.loc/vendor/laravel/framework/src/Illuminate/Routing/Pipeline.php(53): Illuminate\\Pipeline\\Pipeline->Illuminate\\Pipeline\\{closure}()
#53 /home/dev/www/test.salemhokei.loc/vendor/laravel/framework/src/Illuminate/Foundation/Http/Middleware/CheckForMaintenanceMode.php(62): Illuminate\\Routing\\Pipeline->Illuminate\\Routing\\{closure}()
#54 /home/dev/www/test.salemhokei.loc/vendor/laravel/framework/src/Illuminate/Pipeline/Pipeline.php(163): Illuminate\\Foundation\\Http\\Middleware\\CheckForMaintenanceMode->handle()
#55 /home/dev/www/test.salemhokei.loc/vendor/laravel/framework/src/Illuminate/Routing/Pipeline.php(53): Illuminate\\Pipeline\\Pipeline->Illuminate\\Pipeline\\{closure}()
#56 /home/dev/www/test.salemhokei.loc/vendor/fideloper/proxy/src/TrustProxies.php(57): Illuminate\\Routing\\Pipeline->Illuminate\\Routing\\{closure}()
#57 /home/dev/www/test.salemhokei.loc/vendor/laravel/framework/src/Illuminate/Pipeline/Pipeline.php(163): Fideloper\\Proxy\\TrustProxies->handle()
#58 /home/dev/www/test.salemhokei.loc/vendor/laravel/framework/src/Illuminate/Routing/Pipeline.php(53): Illuminate\\Pipeline\\Pipeline->Illuminate\\Pipeline\\{closure}()
#59 /home/dev/www/test.salemhokei.loc/vendor/laravel/framework/src/Illuminate/Pipeline/Pipeline.php(104): Illuminate\\Routing\\Pipeline->Illuminate\\Routing\\{closure}()
#60 /home/dev/www/test.salemhokei.loc/vendor/laravel/framework/src/Illuminate/Foundation/Http/Kernel.php(151): Illuminate\\Pipeline\\Pipeline->then()
#61 /home/dev/www/test.salemhokei.loc/vendor/laravel/framework/src/Illuminate/Foundation/Http/Kernel.php(116): Illuminate\\Foundation\\Http\\Kernel->sendRequestThroughRouter()
#62 /home/dev/www/test.salemhokei.loc/public/index.php(55): Illuminate\\Foundation\\Http\\Kernel->handle()
#63 {main}
"} 
[2021-08-12 13:25:32] local.ERROR: Connection to srv-plesk45.ps.kz:25 Timed Out {"exception":"[object] (Swift_TransportException(code: 0): Connection to srv-plesk45.ps.kz:25 Timed Out at /home/dev/www/test.salemhokei.loc/vendor/swiftmailer/swiftmailer/lib/classes/Swift/Transport/AbstractSmtpTransport.php:475, Swift_IoException(code: 0): Connection to srv-plesk45.ps.kz:25 Timed Out at /home/dev/www/test.salemhokei.loc/vendor/swiftmailer/swiftmailer/lib/classes/Swift/Transport/StreamBuffer.php:166)
[stacktrace]
#0 /home/dev/www/test.salemhokei.loc/vendor/swiftmailer/swiftmailer/lib/classes/Swift/Transport/AbstractSmtpTransport.php(342): Swift_Transport_AbstractSmtpTransport->getFullResponse()
#1 /home/dev/www/test.salemhokei.loc/vendor/swiftmailer/swiftmailer/lib/classes/Swift/Transport/EsmtpTransport.php(305): Swift_Transport_AbstractSmtpTransport->executeCommand()
#2 /home/dev/www/test.salemhokei.loc/vendor/swiftmailer/swiftmailer/lib/classes/Swift/Transport/AbstractSmtpTransport.php(367): Swift_Transport_EsmtpTransport->executeCommand()
#3 /home/dev/www/test.salemhokei.loc/vendor/swiftmailer/swiftmailer/lib/classes/Swift/Transport/EsmtpTransport.php(341): Swift_Transport_AbstractSmtpTransport->doHeloCommand()
#4 /home/dev/www/test.salemhokei.loc/vendor/swiftmailer/swiftmailer/lib/classes/Swift/Transport/AbstractSmtpTransport.php(148): Swift_Transport_EsmtpTransport->doHeloCommand()
#5 /home/dev/www/test.salemhokei.loc/vendor/swiftmailer/swiftmailer/lib/classes/Swift/Mailer.php(65): Swift_Transport_AbstractSmtpTransport->start()
#6 /home/dev/www/test.salemhokei.loc/vendor/laravel/framework/src/Illuminate/Mail/Mailer.php(484): Swift_Mailer->send()
#7 /home/dev/www/test.salemhokei.loc/vendor/laravel/framework/src/Illuminate/Mail/Mailer.php(259): Illuminate\\Mail\\Mailer->sendSwiftMessage()
#8 /home/dev/www/test.salemhokei.loc/vendor/laravel/framework/src/Illuminate/Support/Facades/Facade.php(239): Illuminate\\Mail\\Mailer->send()
#9 /home/dev/www/test.salemhokei.loc/app/Http/Controllers/App/PageController.php(229): Illuminate\\Support\\Facades\\Facade::__callStatic()
#10 [internal function]: App\\Http\\Controllers\\App\\PageController->record_to_school()
#11 /home/dev/www/test.salemhokei.loc/vendor/laravel/framework/src/Illuminate/Routing/Controller.php(54): call_user_func_array()
#12 /home/dev/www/test.salemhokei.loc/vendor/laravel/framework/src/Illuminate/Routing/ControllerDispatcher.php(45): Illuminate\\Routing\\Controller->callAction()
#13 /home/dev/www/test.salemhokei.loc/vendor/laravel/framework/src/Illuminate/Routing/Route.php(219): Illuminate\\Routing\\ControllerDispatcher->dispatch()
#14 /home/dev/www/test.salemhokei.loc/vendor/laravel/framework/src/Illuminate/Routing/Route.php(176): Illuminate\\Routing\\Route->runController()
#15 /home/dev/www/test.salemhokei.loc/vendor/laravel/framework/src/Illuminate/Routing/Router.php(680): Illuminate\\Routing\\Route->run()
#16 /home/dev/www/test.salemhokei.loc/vendor/laravel/framework/src/Illuminate/Routing/Pipeline.php(30): Illuminate\\Routing\\Router->Illuminate\\Routing\\{closure}()
#17 /home/dev/www/test.salemhokei.loc/app/Http/Middleware/GenerateMenus.php(54): Illuminate\\Routing\\Pipeline->Illuminate\\Routing\\{closure}()
#18 /home/dev/www/test.salemhokei.loc/vendor/laravel/framework/src/Illuminate/Pipeline/Pipeline.php(163): App\\Http\\Middleware\\GenerateMenus->handle()
#19 /home/dev/www/test.salemhokei.loc/vendor/laravel/framework/src/Illuminate/Routing/Pipeline.php(53): Illuminate\\Pipeline\\Pipeline->Illuminate\\Pipeline\\{closure}()
#20 /home/dev/www/test.salemhokei.loc/vendor/laravel/framework/src/Illuminate/Routing/Middleware/SubstituteBindings.php(41): Illuminate\\Routing\\Pipeline->Illuminate\\Routing\\{closure}()
#21 /home/dev/www/test.salemhokei.loc/vendor/laravel/framework/src/Illuminate/Pipeline/Pipeline.php(163): Illuminate\\Routing\\Middleware\\SubstituteBindings->handle()
#22 /home/dev/www/test.salemhokei.loc/vendor/laravel/framework/src/Illuminate/Routing/Pipeline.php(53): Illuminate\\Pipeline\\Pipeline->Illuminate\\Pipeline\\{closure}()
#23 /home/dev/www/test.salemhokei.loc/vendor/laravel/framework/src/Illuminate/Foundation/Http/Middleware/VerifyCsrfToken.php(75): Illuminate\\Routing\\Pipeline->Illuminate\\Routing\\{closure}()
#24 /home/dev/www/test.salemhokei.loc/vendor/laravel/framework/src/Illuminate/Pipeline/Pipeline.php(163): Illuminate\\Foundation\\Http\\Middleware\\VerifyCsrfToken->handle()
#25 /home/dev/www/test.salemhokei.loc/vendor/laravel/framework/src/Illuminate/Routing/Pipeline.php(53): Illuminate\\Pipeline\\Pipeline->Illuminate\\Pipeline\\{closure}()
#26 /home/dev/www/test.salemhokei.loc/vendor/laravel/framework/src/Illuminate/View/Middleware/ShareErrorsFromSession.php(49): Illuminate\\Routing\\Pipeline->Illuminate\\Routing\\{closure}()
#27 /home/dev/www/test.salemhokei.loc/vendor/laravel/framework/src/Illuminate/Pipeline/Pipeline.php(163): Illuminate\\View\\Middleware\\ShareErrorsFromSession->handle()
#28 /home/dev/www/test.salemhokei.loc/vendor/laravel/framework/src/Illuminate/Routing/Pipeline.php(53): Illuminate\\Pipeline\\Pipeline->Illuminate\\Pipeline\\{closure}()
#29 /home/dev/www/test.salemhokei.loc/vendor/laravel/framework/src/Illuminate/Session/Middleware/StartSession.php(56): Illuminate\\Routing\\Pipeline->Illuminate\\Routing\\{closure}()
#30 /home/dev/www/test.salemhokei.loc/vendor/laravel/framework/src/Illuminate/Pipeline/Pipeline.php(163): Illuminate\\Session\\Middleware\\StartSession->handle()
#31 /home/dev/www/test.salemhokei.loc/vendor/laravel/framework/src/Illuminate/Routing/Pipeline.php(53): Illuminate\\Pipeline\\Pipeline->Illuminate\\Pipeline\\{closure}()
#32 /home/dev/www/test.salemhokei.loc/vendor/laravel/framework/src/Illuminate/Cookie/Middleware/AddQueuedCookiesToResponse.php(37): Illuminate\\Routing\\Pipeline->Illuminate\\Routing\\{closure}()
#33 /home/dev/www/test.salemhokei.loc/vendor/laravel/framework/src/Illuminate/Pipeline/Pipeline.php(163): Illuminate\\Cookie\\Middleware\\AddQueuedCookiesToResponse->handle()
#34 /home/dev/www/test.salemhokei.loc/vendor/laravel/framework/src/Illuminate/Routing/Pipeline.php(53): Illuminate\\Pipeline\\Pipeline->Illuminate\\Pipeline\\{closure}()
#35 /home/dev/www/test.salemhokei.loc/vendor/laravel/framework/src/Illuminate/Cookie/Middleware/EncryptCookies.php(66): Illuminate\\Routing\\Pipeline->Illuminate\\Routing\\{closure}()
#36 /home/dev/www/test.salemhokei.loc/vendor/laravel/framework/src/Illuminate/Pipeline/Pipeline.php(163): Illuminate\\Cookie\\Middleware\\EncryptCookies->handle()
#37 /home/dev/www/test.salemhokei.loc/vendor/laravel/framework/src/Illuminate/Routing/Pipeline.php(53): Illuminate\\Pipeline\\Pipeline->Illuminate\\Pipeline\\{closure}()
#38 /home/dev/www/test.salemhokei.loc/vendor/laravel/framework/src/Illuminate/Pipeline/Pipeline.php(104): Illuminate\\Routing\\Pipeline->Illuminate\\Routing\\{closure}()
#39 /home/dev/www/test.salemhokei.loc/vendor/laravel/framework/src/Illuminate/Routing/Router.php(682): Illuminate\\Pipeline\\Pipeline->then()
#40 /home/dev/www/test.salemhokei.loc/vendor/laravel/framework/src/Illuminate/Routing/Router.php(657): Illuminate\\Routing\\Router->runRouteWithinStack()
#41 /home/dev/www/test.salemhokei.loc/vendor/laravel/framework/src/Illuminate/Routing/Router.php(623): Illuminate\\Routing\\Router->runRoute()
#42 /home/dev/www/test.salemhokei.loc/vendor/laravel/framework/src/Illuminate/Routing/Router.php(612): Illuminate\\Routing\\Router->dispatchToRoute()
#43 /home/dev/www/test.salemhokei.loc/vendor/laravel/framework/src/Illuminate/Foundation/Http/Kernel.php(176): Illuminate\\Routing\\Router->dispatch()
#44 /home/dev/www/test.salemhokei.loc/vendor/laravel/framework/src/Illuminate/Routing/Pipeline.php(30): Illuminate\\Foundation\\Http\\Kernel->Illuminate\\Foundation\\Http\\{closure}()
#45 /home/dev/www/test.salemhokei.loc/vendor/laravel/framework/src/Illuminate/Foundation/Http/Middleware/TransformsRequest.php(21): Illuminate\\Routing\\Pipeline->Illuminate\\Routing\\{closure}()
#46 /home/dev/www/test.salemhokei.loc/vendor/laravel/framework/src/Illuminate/Pipeline/Pipeline.php(163): Illuminate\\Foundation\\Http\\Middleware\\TransformsRequest->handle()
#47 /home/dev/www/test.salemhokei.loc/vendor/laravel/framework/src/Illuminate/Routing/Pipeline.php(53): Illuminate\\Pipeline\\Pipeline->Illuminate\\Pipeline\\{closure}()
#48 /home/dev/www/test.salemhokei.loc/vendor/laravel/framework/src/Illuminate/Foundation/Http/Middleware/TransformsRequest.php(21): Illuminate\\Routing\\Pipeline->Illuminate\\Routing\\{closure}()
#49 /home/dev/www/test.salemhokei.loc/vendor/laravel/framework/src/Illuminate/Pipeline/Pipeline.php(163): Illuminate\\Foundation\\Http\\Middleware\\TransformsRequest->handle()
#50 /home/dev/www/test.salemhokei.loc/vendor/laravel/framework/src/Illuminate/Routing/Pipeline.php(53): Illuminate\\Pipeline\\Pipeline->Illuminate\\Pipeline\\{closure}()
#51 /home/dev/www/test.salemhokei.loc/vendor/laravel/framework/src/Illuminate/Foundation/Http/Middleware/ValidatePostSize.php(27): Illuminate\\Routing\\Pipeline->Illuminate\\Routing\\{closure}()
#52 /home/dev/www/test.salemhokei.loc/vendor/laravel/framework/src/Illuminate/Pipeline/Pipeline.php(163): Illuminate\\Foundation\\Http\\Middleware\\ValidatePostSize->handle()
#53 /home/dev/www/test.salemhokei.loc/vendor/laravel/framework/src/Illuminate/Routing/Pipeline.php(53): Illuminate\\Pipeline\\Pipeline->Illuminate\\Pipeline\\{closure}()
#54 /home/dev/www/test.salemhokei.loc/vendor/laravel/framework/src/Illuminate/Foundation/Http/Middleware/CheckForMaintenanceMode.php(62): Illuminate\\Routing\\Pipeline->Illuminate\\Routing\\{closure}()
#55 /home/dev/www/test.salemhokei.loc/vendor/laravel/framework/src/Illuminate/Pipeline/Pipeline.php(163): Illuminate\\Foundation\\Http\\Middleware\\CheckForMaintenanceMode->handle()
#56 /home/dev/www/test.salemhokei.loc/vendor/laravel/framework/src/Illuminate/Routing/Pipeline.php(53): Illuminate\\Pipeline\\Pipeline->Illuminate\\Pipeline\\{closure}()
#57 /home/dev/www/test.salemhokei.loc/vendor/fideloper/proxy/src/TrustProxies.php(57): Illuminate\\Routing\\Pipeline->Illuminate\\Routing\\{closure}()
#58 /home/dev/www/test.salemhokei.loc/vendor/laravel/framework/src/Illuminate/Pipeline/Pipeline.php(163): Fideloper\\Proxy\\TrustProxies->handle()
#59 /home/dev/www/test.salemhokei.loc/vendor/laravel/framework/src/Illuminate/Routing/Pipeline.php(53): Illuminate\\Pipeline\\Pipeline->Illuminate\\Pipeline\\{closure}()
#60 /home/dev/www/test.salemhokei.loc/vendor/laravel/framework/src/Illuminate/Pipeline/Pipeline.php(104): Illuminate\\Routing\\Pipeline->Illuminate\\Routing\\{closure}()
#61 /home/dev/www/test.salemhokei.loc/vendor/laravel/framework/src/Illuminate/Foundation/Http/Kernel.php(151): Illuminate\\Pipeline\\Pipeline->then()
#62 /home/dev/www/test.salemhokei.loc/vendor/laravel/framework/src/Illuminate/Foundation/Http/Kernel.php(116): Illuminate\\Foundation\\Http\\Kernel->sendRequestThroughRouter()
#63 /home/dev/www/test.salemhokei.loc/public/index.php(55): Illuminate\\Foundation\\Http\\Kernel->handle()
#64 {main}
"} 
