[2021-11-11 20:39:32] local.ERROR: Trying to get property 'name' of non-object (View: /home/dev/www/test.salemhokei.loc/resources/views/app/pages/emails/record_to_school.blade.php) {"userId":15,"exception":"[object] (ErrorException(code: 0): Trying to get property 'name' of non-object (View: /home/dev/www/test.salemhokei.loc/resources/views/app/pages/emails/record_to_school.blade.php) at /home/dev/www/test.salemhokei.loc/storage/framework/views/f5d010143c2a6250f30c874c98398435f59ed6d5.php:38, ErrorException(code: 0): Trying to get property 'name' of non-object at /home/dev/www/test.salemhokei.loc/storage/framework/views/f5d010143c2a6250f30c874c98398435f59ed6d5.php:38)
[stacktrace]
#0 /home/dev/www/test.salemhokei.loc/vendor/laravel/framework/src/Illuminate/View/Engines/PhpEngine.php(45): Illuminate\\View\\Engines\\CompilerEngine->handleViewException()
#1 /home/dev/www/test.salemhokei.loc/vendor/laravel/framework/src/Illuminate/View/Engines/CompilerEngine.php(59): Illuminate\\View\\Engines\\PhpEngine->evaluatePath()
#2 /home/dev/www/test.salemhokei.loc/vendor/laravel/framework/src/Illuminate/View/View.php(142): Illuminate\\View\\Engines\\CompilerEngine->get()
#3 /home/dev/www/test.salemhokei.loc/vendor/laravel/framework/src/Illuminate/View/View.php(125): Illuminate\\View\\View->getContents()
#4 /home/dev/www/test.salemhokei.loc/vendor/laravel/framework/src/Illuminate/View/View.php(90): Illuminate\\View\\View->renderContents()
#5 /home/dev/www/test.salemhokei.loc/vendor/laravel/framework/src/Illuminate/Mail/Mailer.php(353): Illuminate\\View\\View->render()
#6 /home/dev/www/test.salemhokei.loc/vendor/laravel/framework/src/Illuminate/Mail/Mailer.php(326): Illuminate\\Mail\\Mailer->renderView()
#7 /home/dev/www/test.salemhokei.loc/vendor/laravel/framework/src/Illuminate/Mail/Mailer.php(244): Illuminate\\Mail\\Mailer->addContent()
#8 /home/dev/www/test.salemhokei.loc/vendor/laravel/framework/src/Illuminate/Support/Facades/Facade.php(239): Illuminate\\Mail\\Mailer->send()
#9 /home/dev/www/test.salemhokei.loc/app/Http/Controllers/App/PageController.php(191): Illuminate\\Support\\Facades\\Facade::__callStatic()
#10 /home/dev/www/test.salemhokei.loc/app/Http/Controllers/App/PageController.php(141): App\\Http\\Controllers\\App\\PageController->scool_mail()
#11 [internal function]: App\\Http\\Controllers\\App\\PageController->schoolreg()
#12 /home/dev/www/test.salemhokei.loc/vendor/laravel/framework/src/Illuminate/Routing/Controller.php(54): call_user_func_array()
#13 /home/dev/www/test.salemhokei.loc/vendor/laravel/framework/src/Illuminate/Routing/ControllerDispatcher.php(45): Illuminate\\Routing\\Controller->callAction()
#14 /home/dev/www/test.salemhokei.loc/vendor/laravel/framework/src/Illuminate/Routing/Route.php(219): Illuminate\\Routing\\ControllerDispatcher->dispatch()
#15 /home/dev/www/test.salemhokei.loc/vendor/laravel/framework/src/Illuminate/Routing/Route.php(176): Illuminate\\Routing\\Route->runController()
#16 /home/dev/www/test.salemhokei.loc/vendor/laravel/framework/src/Illuminate/Routing/Router.php(680): Illuminate\\Routing\\Route->run()
#17 /home/dev/www/test.salemhokei.loc/vendor/laravel/framework/src/Illuminate/Routing/Pipeline.php(30): Illuminate\\Routing\\Router->Illuminate\\Routing\\{closure}()
#18 /home/dev/www/test.salemhokei.loc/app/Http/Middleware/GenerateMenus.php(129): Illuminate\\Routing\\Pipeline->Illuminate\\Routing\\{closure}()
#19 /home/dev/www/test.salemhokei.loc/vendor/laravel/framework/src/Illuminate/Pipeline/Pipeline.php(163): App\\Http\\Middleware\\GenerateMenus->handle()
#20 /home/dev/www/test.salemhokei.loc/vendor/laravel/framework/src/Illuminate/Routing/Pipeline.php(53): Illuminate\\Pipeline\\Pipeline->Illuminate\\Pipeline\\{closure}()
#21 /home/dev/www/test.salemhokei.loc/vendor/laravel/framework/src/Illuminate/Routing/Middleware/SubstituteBindings.php(41): Illuminate\\Routing\\Pipeline->Illuminate\\Routing\\{closure}()
#22 /home/dev/www/test.salemhokei.loc/vendor/laravel/framework/src/Illuminate/Pipeline/Pipeline.php(163): Illuminate\\Routing\\Middleware\\SubstituteBindings->handle()
#23 /home/dev/www/test.salemhokei.loc/vendor/laravel/framework/src/Illuminate/Routing/Pipeline.php(53): Illuminate\\Pipeline\\Pipeline->Illuminate\\Pipeline\\{closure}()
#24 /home/dev/www/test.salemhokei.loc/vendor/laravel/framework/src/Illuminate/Foundation/Http/Middleware/VerifyCsrfToken.php(75): Illuminate\\Routing\\Pipeline->Illuminate\\Routing\\{closure}()
#25 /home/dev/www/test.salemhokei.loc/vendor/laravel/framework/src/Illuminate/Pipeline/Pipeline.php(163): Illuminate\\Foundation\\Http\\Middleware\\VerifyCsrfToken->handle()
#26 /home/dev/www/test.salemhokei.loc/vendor/laravel/framework/src/Illuminate/Routing/Pipeline.php(53): Illuminate\\Pipeline\\Pipeline->Illuminate\\Pipeline\\{closure}()
#27 /home/dev/www/test.salemhokei.loc/vendor/laravel/framework/src/Illuminate/View/Middleware/ShareErrorsFromSession.php(49): Illuminate\\Routing\\Pipeline->Illuminate\\Routing\\{closure}()
#28 /home/dev/www/test.salemhokei.loc/vendor/laravel/framework/src/Illuminate/Pipeline/Pipeline.php(163): Illuminate\\View\\Middleware\\ShareErrorsFromSession->handle()
#29 /home/dev/www/test.salemhokei.loc/vendor/laravel/framework/src/Illuminate/Routing/Pipeline.php(53): Illuminate\\Pipeline\\Pipeline->Illuminate\\Pipeline\\{closure}()
#30 /home/dev/www/test.salemhokei.loc/vendor/laravel/framework/src/Illuminate/Session/Middleware/StartSession.php(56): Illuminate\\Routing\\Pipeline->Illuminate\\Routing\\{closure}()
#31 /home/dev/www/test.salemhokei.loc/vendor/laravel/framework/src/Illuminate/Pipeline/Pipeline.php(163): Illuminate\\Session\\Middleware\\StartSession->handle()
#32 /home/dev/www/test.salemhokei.loc/vendor/laravel/framework/src/Illuminate/Routing/Pipeline.php(53): Illuminate\\Pipeline\\Pipeline->Illuminate\\Pipeline\\{closure}()
#33 /home/dev/www/test.salemhokei.loc/vendor/laravel/framework/src/Illuminate/Cookie/Middleware/AddQueuedCookiesToResponse.php(37): Illuminate\\Routing\\Pipeline->Illuminate\\Routing\\{closure}()
#34 /home/dev/www/test.salemhokei.loc/vendor/laravel/framework/src/Illuminate/Pipeline/Pipeline.php(163): Illuminate\\Cookie\\Middleware\\AddQueuedCookiesToResponse->handle()
#35 /home/dev/www/test.salemhokei.loc/vendor/laravel/framework/src/Illuminate/Routing/Pipeline.php(53): Illuminate\\Pipeline\\Pipeline->Illuminate\\Pipeline\\{closure}()
#36 /home/dev/www/test.salemhokei.loc/vendor/laravel/framework/src/Illuminate/Cookie/Middleware/EncryptCookies.php(66): Illuminate\\Routing\\Pipeline->Illuminate\\Routing\\{closure}()
#37 /home/dev/www/test.salemhokei.loc/vendor/laravel/framework/src/Illuminate/Pipeline/Pipeline.php(163): Illuminate\\Cookie\\Middleware\\EncryptCookies->handle()
#38 /home/dev/www/test.salemhokei.loc/vendor/laravel/framework/src/Illuminate/Routing/Pipeline.php(53): Illuminate\\Pipeline\\Pipeline->Illuminate\\Pipeline\\{closure}()
#39 /home/dev/www/test.salemhokei.loc/vendor/laravel/framework/src/Illuminate/Pipeline/Pipeline.php(104): Illuminate\\Routing\\Pipeline->Illuminate\\Routing\\{closure}()
#40 /home/dev/www/test.salemhokei.loc/vendor/laravel/framework/src/Illuminate/Routing/Router.php(682): Illuminate\\Pipeline\\Pipeline->then()
#41 /home/dev/www/test.salemhokei.loc/vendor/laravel/framework/src/Illuminate/Routing/Router.php(657): Illuminate\\Routing\\Router->runRouteWithinStack()
#42 /home/dev/www/test.salemhokei.loc/vendor/laravel/framework/src/Illuminate/Routing/Router.php(623): Illuminate\\Routing\\Router->runRoute()
#43 /home/dev/www/test.salemhokei.loc/vendor/laravel/framework/src/Illuminate/Routing/Router.php(612): Illuminate\\Routing\\Router->dispatchToRoute()
#44 /home/dev/www/test.salemhokei.loc/vendor/laravel/framework/src/Illuminate/Foundation/Http/Kernel.php(176): Illuminate\\Routing\\Router->dispatch()
#45 /home/dev/www/test.salemhokei.loc/vendor/laravel/framework/src/Illuminate/Routing/Pipeline.php(30): Illuminate\\Foundation\\Http\\Kernel->Illuminate\\Foundation\\Http\\{closure}()
#46 /home/dev/www/test.salemhokei.loc/vendor/barryvdh/laravel-debugbar/src/Middleware/InjectDebugbar.php(65): Illuminate\\Routing\\Pipeline->Illuminate\\Routing\\{closure}()
#47 /home/dev/www/test.salemhokei.loc/vendor/laravel/framework/src/Illuminate/Pipeline/Pipeline.php(163): Barryvdh\\Debugbar\\Middleware\\InjectDebugbar->handle()
#48 /home/dev/www/test.salemhokei.loc/vendor/laravel/framework/src/Illuminate/Routing/Pipeline.php(53): Illuminate\\Pipeline\\Pipeline->Illuminate\\Pipeline\\{closure}()
#49 /home/dev/www/test.salemhokei.loc/vendor/laravel/framework/src/Illuminate/Foundation/Http/Middleware/TransformsRequest.php(21): Illuminate\\Routing\\Pipeline->Illuminate\\Routing\\{closure}()
#50 /home/dev/www/test.salemhokei.loc/vendor/laravel/framework/src/Illuminate/Pipeline/Pipeline.php(163): Illuminate\\Foundation\\Http\\Middleware\\TransformsRequest->handle()
#51 /home/dev/www/test.salemhokei.loc/vendor/laravel/framework/src/Illuminate/Routing/Pipeline.php(53): Illuminate\\Pipeline\\Pipeline->Illuminate\\Pipeline\\{closure}()
#52 /home/dev/www/test.salemhokei.loc/vendor/laravel/framework/src/Illuminate/Foundation/Http/Middleware/TransformsRequest.php(21): Illuminate\\Routing\\Pipeline->Illuminate\\Routing\\{closure}()
#53 /home/dev/www/test.salemhokei.loc/vendor/laravel/framework/src/Illuminate/Pipeline/Pipeline.php(163): Illuminate\\Foundation\\Http\\Middleware\\TransformsRequest->handle()
#54 /home/dev/www/test.salemhokei.loc/vendor/laravel/framework/src/Illuminate/Routing/Pipeline.php(53): Illuminate\\Pipeline\\Pipeline->Illuminate\\Pipeline\\{closure}()
#55 /home/dev/www/test.salemhokei.loc/vendor/laravel/framework/src/Illuminate/Foundation/Http/Middleware/ValidatePostSize.php(27): Illuminate\\Routing\\Pipeline->Illuminate\\Routing\\{closure}()
#56 /home/dev/www/test.salemhokei.loc/vendor/laravel/framework/src/Illuminate/Pipeline/Pipeline.php(163): Illuminate\\Foundation\\Http\\Middleware\\ValidatePostSize->handle()
#57 /home/dev/www/test.salemhokei.loc/vendor/laravel/framework/src/Illuminate/Routing/Pipeline.php(53): Illuminate\\Pipeline\\Pipeline->Illuminate\\Pipeline\\{closure}()
#58 /home/dev/www/test.salemhokei.loc/vendor/laravel/framework/src/Illuminate/Foundation/Http/Middleware/CheckForMaintenanceMode.php(62): Illuminate\\Routing\\Pipeline->Illuminate\\Routing\\{closure}()
#59 /home/dev/www/test.salemhokei.loc/vendor/laravel/framework/src/Illuminate/Pipeline/Pipeline.php(163): Illuminate\\Foundation\\Http\\Middleware\\CheckForMaintenanceMode->handle()
#60 /home/dev/www/test.salemhokei.loc/vendor/laravel/framework/src/Illuminate/Routing/Pipeline.php(53): Illuminate\\Pipeline\\Pipeline->Illuminate\\Pipeline\\{closure}()
#61 /home/dev/www/test.salemhokei.loc/vendor/fideloper/proxy/src/TrustProxies.php(57): Illuminate\\Routing\\Pipeline->Illuminate\\Routing\\{closure}()
#62 /home/dev/www/test.salemhokei.loc/vendor/laravel/framework/src/Illuminate/Pipeline/Pipeline.php(163): Fideloper\\Proxy\\TrustProxies->handle()
#63 /home/dev/www/test.salemhokei.loc/vendor/laravel/framework/src/Illuminate/Routing/Pipeline.php(53): Illuminate\\Pipeline\\Pipeline->Illuminate\\Pipeline\\{closure}()
#64 /home/dev/www/test.salemhokei.loc/vendor/laravel/framework/src/Illuminate/Pipeline/Pipeline.php(104): Illuminate\\Routing\\Pipeline->Illuminate\\Routing\\{closure}()
#65 /home/dev/www/test.salemhokei.loc/vendor/laravel/framework/src/Illuminate/Foundation/Http/Kernel.php(151): Illuminate\\Pipeline\\Pipeline->then()
#66 /home/dev/www/test.salemhokei.loc/vendor/laravel/framework/src/Illuminate/Foundation/Http/Kernel.php(116): Illuminate\\Foundation\\Http\\Kernel->sendRequestThroughRouter()
#67 /home/dev/www/test.salemhokei.loc/public/index.php(55): Illuminate\\Foundation\\Http\\Kernel->handle()
#68 {main}
"} 
[2021-11-11 20:40:55] local.ERROR: Undefined index: region (View: /home/dev/www/test.salemhokei.loc/resources/views/app/pages/emails/record_to_school.blade.php) {"userId":15,"exception":"[object] (ErrorException(code: 0): Undefined index: region (View: /home/dev/www/test.salemhokei.loc/resources/views/app/pages/emails/record_to_school.blade.php) at /home/dev/www/test.salemhokei.loc/storage/framework/views/f5d010143c2a6250f30c874c98398435f59ed6d5.php:44, ErrorException(code: 0): Undefined index: region at /home/dev/www/test.salemhokei.loc/storage/framework/views/f5d010143c2a6250f30c874c98398435f59ed6d5.php:44)
[stacktrace]
#0 /home/dev/www/test.salemhokei.loc/vendor/laravel/framework/src/Illuminate/View/Engines/PhpEngine.php(45): Illuminate\\View\\Engines\\CompilerEngine->handleViewException()
#1 /home/dev/www/test.salemhokei.loc/vendor/laravel/framework/src/Illuminate/View/Engines/CompilerEngine.php(59): Illuminate\\View\\Engines\\PhpEngine->evaluatePath()
#2 /home/dev/www/test.salemhokei.loc/vendor/laravel/framework/src/Illuminate/View/View.php(142): Illuminate\\View\\Engines\\CompilerEngine->get()
#3 /home/dev/www/test.salemhokei.loc/vendor/laravel/framework/src/Illuminate/View/View.php(125): Illuminate\\View\\View->getContents()
#4 /home/dev/www/test.salemhokei.loc/vendor/laravel/framework/src/Illuminate/View/View.php(90): Illuminate\\View\\View->renderContents()
#5 /home/dev/www/test.salemhokei.loc/vendor/laravel/framework/src/Illuminate/Mail/Mailer.php(353): Illuminate\\View\\View->render()
#6 /home/dev/www/test.salemhokei.loc/vendor/laravel/framework/src/Illuminate/Mail/Mailer.php(326): Illuminate\\Mail\\Mailer->renderView()
#7 /home/dev/www/test.salemhokei.loc/vendor/laravel/framework/src/Illuminate/Mail/Mailer.php(244): Illuminate\\Mail\\Mailer->addContent()
#8 /home/dev/www/test.salemhokei.loc/vendor/laravel/framework/src/Illuminate/Support/Facades/Facade.php(239): Illuminate\\Mail\\Mailer->send()
#9 /home/dev/www/test.salemhokei.loc/app/Http/Controllers/App/PageController.php(191): Illuminate\\Support\\Facades\\Facade::__callStatic()
#10 /home/dev/www/test.salemhokei.loc/app/Http/Controllers/App/PageController.php(141): App\\Http\\Controllers\\App\\PageController->scool_mail()
#11 [internal function]: App\\Http\\Controllers\\App\\PageController->schoolreg()
#12 /home/dev/www/test.salemhokei.loc/vendor/laravel/framework/src/Illuminate/Routing/Controller.php(54): call_user_func_array()
#13 /home/dev/www/test.salemhokei.loc/vendor/laravel/framework/src/Illuminate/Routing/ControllerDispatcher.php(45): Illuminate\\Routing\\Controller->callAction()
#14 /home/dev/www/test.salemhokei.loc/vendor/laravel/framework/src/Illuminate/Routing/Route.php(219): Illuminate\\Routing\\ControllerDispatcher->dispatch()
#15 /home/dev/www/test.salemhokei.loc/vendor/laravel/framework/src/Illuminate/Routing/Route.php(176): Illuminate\\Routing\\Route->runController()
#16 /home/dev/www/test.salemhokei.loc/vendor/laravel/framework/src/Illuminate/Routing/Router.php(680): Illuminate\\Routing\\Route->run()
#17 /home/dev/www/test.salemhokei.loc/vendor/laravel/framework/src/Illuminate/Routing/Pipeline.php(30): Illuminate\\Routing\\Router->Illuminate\\Routing\\{closure}()
#18 /home/dev/www/test.salemhokei.loc/app/Http/Middleware/GenerateMenus.php(129): Illuminate\\Routing\\Pipeline->Illuminate\\Routing\\{closure}()
#19 /home/dev/www/test.salemhokei.loc/vendor/laravel/framework/src/Illuminate/Pipeline/Pipeline.php(163): App\\Http\\Middleware\\GenerateMenus->handle()
#20 /home/dev/www/test.salemhokei.loc/vendor/laravel/framework/src/Illuminate/Routing/Pipeline.php(53): Illuminate\\Pipeline\\Pipeline->Illuminate\\Pipeline\\{closure}()
#21 /home/dev/www/test.salemhokei.loc/vendor/laravel/framework/src/Illuminate/Routing/Middleware/SubstituteBindings.php(41): Illuminate\\Routing\\Pipeline->Illuminate\\Routing\\{closure}()
#22 /home/dev/www/test.salemhokei.loc/vendor/laravel/framework/src/Illuminate/Pipeline/Pipeline.php(163): Illuminate\\Routing\\Middleware\\SubstituteBindings->handle()
#23 /home/dev/www/test.salemhokei.loc/vendor/laravel/framework/src/Illuminate/Routing/Pipeline.php(53): Illuminate\\Pipeline\\Pipeline->Illuminate\\Pipeline\\{closure}()
#24 /home/dev/www/test.salemhokei.loc/vendor/laravel/framework/src/Illuminate/Foundation/Http/Middleware/VerifyCsrfToken.php(75): Illuminate\\Routing\\Pipeline->Illuminate\\Routing\\{closure}()
#25 /home/dev/www/test.salemhokei.loc/vendor/laravel/framework/src/Illuminate/Pipeline/Pipeline.php(163): Illuminate\\Foundation\\Http\\Middleware\\VerifyCsrfToken->handle()
#26 /home/dev/www/test.salemhokei.loc/vendor/laravel/framework/src/Illuminate/Routing/Pipeline.php(53): Illuminate\\Pipeline\\Pipeline->Illuminate\\Pipeline\\{closure}()
#27 /home/dev/www/test.salemhokei.loc/vendor/laravel/framework/src/Illuminate/View/Middleware/ShareErrorsFromSession.php(49): Illuminate\\Routing\\Pipeline->Illuminate\\Routing\\{closure}()
#28 /home/dev/www/test.salemhokei.loc/vendor/laravel/framework/src/Illuminate/Pipeline/Pipeline.php(163): Illuminate\\View\\Middleware\\ShareErrorsFromSession->handle()
#29 /home/dev/www/test.salemhokei.loc/vendor/laravel/framework/src/Illuminate/Routing/Pipeline.php(53): Illuminate\\Pipeline\\Pipeline->Illuminate\\Pipeline\\{closure}()
#30 /home/dev/www/test.salemhokei.loc/vendor/laravel/framework/src/Illuminate/Session/Middleware/StartSession.php(56): Illuminate\\Routing\\Pipeline->Illuminate\\Routing\\{closure}()
#31 /home/dev/www/test.salemhokei.loc/vendor/laravel/framework/src/Illuminate/Pipeline/Pipeline.php(163): Illuminate\\Session\\Middleware\\StartSession->handle()
#32 /home/dev/www/test.salemhokei.loc/vendor/laravel/framework/src/Illuminate/Routing/Pipeline.php(53): Illuminate\\Pipeline\\Pipeline->Illuminate\\Pipeline\\{closure}()
#33 /home/dev/www/test.salemhokei.loc/vendor/laravel/framework/src/Illuminate/Cookie/Middleware/AddQueuedCookiesToResponse.php(37): Illuminate\\Routing\\Pipeline->Illuminate\\Routing\\{closure}()
#34 /home/dev/www/test.salemhokei.loc/vendor/laravel/framework/src/Illuminate/Pipeline/Pipeline.php(163): Illuminate\\Cookie\\Middleware\\AddQueuedCookiesToResponse->handle()
#35 /home/dev/www/test.salemhokei.loc/vendor/laravel/framework/src/Illuminate/Routing/Pipeline.php(53): Illuminate\\Pipeline\\Pipeline->Illuminate\\Pipeline\\{closure}()
#36 /home/dev/www/test.salemhokei.loc/vendor/laravel/framework/src/Illuminate/Cookie/Middleware/EncryptCookies.php(66): Illuminate\\Routing\\Pipeline->Illuminate\\Routing\\{closure}()
#37 /home/dev/www/test.salemhokei.loc/vendor/laravel/framework/src/Illuminate/Pipeline/Pipeline.php(163): Illuminate\\Cookie\\Middleware\\EncryptCookies->handle()
#38 /home/dev/www/test.salemhokei.loc/vendor/laravel/framework/src/Illuminate/Routing/Pipeline.php(53): Illuminate\\Pipeline\\Pipeline->Illuminate\\Pipeline\\{closure}()
#39 /home/dev/www/test.salemhokei.loc/vendor/laravel/framework/src/Illuminate/Pipeline/Pipeline.php(104): Illuminate\\Routing\\Pipeline->Illuminate\\Routing\\{closure}()
#40 /home/dev/www/test.salemhokei.loc/vendor/laravel/framework/src/Illuminate/Routing/Router.php(682): Illuminate\\Pipeline\\Pipeline->then()
#41 /home/dev/www/test.salemhokei.loc/vendor/laravel/framework/src/Illuminate/Routing/Router.php(657): Illuminate\\Routing\\Router->runRouteWithinStack()
#42 /home/dev/www/test.salemhokei.loc/vendor/laravel/framework/src/Illuminate/Routing/Router.php(623): Illuminate\\Routing\\Router->runRoute()
#43 /home/dev/www/test.salemhokei.loc/vendor/laravel/framework/src/Illuminate/Routing/Router.php(612): Illuminate\\Routing\\Router->dispatchToRoute()
#44 /home/dev/www/test.salemhokei.loc/vendor/laravel/framework/src/Illuminate/Foundation/Http/Kernel.php(176): Illuminate\\Routing\\Router->dispatch()
#45 /home/dev/www/test.salemhokei.loc/vendor/laravel/framework/src/Illuminate/Routing/Pipeline.php(30): Illuminate\\Foundation\\Http\\Kernel->Illuminate\\Foundation\\Http\\{closure}()
#46 /home/dev/www/test.salemhokei.loc/vendor/barryvdh/laravel-debugbar/src/Middleware/InjectDebugbar.php(65): Illuminate\\Routing\\Pipeline->Illuminate\\Routing\\{closure}()
#47 /home/dev/www/test.salemhokei.loc/vendor/laravel/framework/src/Illuminate/Pipeline/Pipeline.php(163): Barryvdh\\Debugbar\\Middleware\\InjectDebugbar->handle()
#48 /home/dev/www/test.salemhokei.loc/vendor/laravel/framework/src/Illuminate/Routing/Pipeline.php(53): Illuminate\\Pipeline\\Pipeline->Illuminate\\Pipeline\\{closure}()
#49 /home/dev/www/test.salemhokei.loc/vendor/laravel/framework/src/Illuminate/Foundation/Http/Middleware/TransformsRequest.php(21): Illuminate\\Routing\\Pipeline->Illuminate\\Routing\\{closure}()
#50 /home/dev/www/test.salemhokei.loc/vendor/laravel/framework/src/Illuminate/Pipeline/Pipeline.php(163): Illuminate\\Foundation\\Http\\Middleware\\TransformsRequest->handle()
#51 /home/dev/www/test.salemhokei.loc/vendor/laravel/framework/src/Illuminate/Routing/Pipeline.php(53): Illuminate\\Pipeline\\Pipeline->Illuminate\\Pipeline\\{closure}()
#52 /home/dev/www/test.salemhokei.loc/vendor/laravel/framework/src/Illuminate/Foundation/Http/Middleware/TransformsRequest.php(21): Illuminate\\Routing\\Pipeline->Illuminate\\Routing\\{closure}()
#53 /home/dev/www/test.salemhokei.loc/vendor/laravel/framework/src/Illuminate/Pipeline/Pipeline.php(163): Illuminate\\Foundation\\Http\\Middleware\\TransformsRequest->handle()
#54 /home/dev/www/test.salemhokei.loc/vendor/laravel/framework/src/Illuminate/Routing/Pipeline.php(53): Illuminate\\Pipeline\\Pipeline->Illuminate\\Pipeline\\{closure}()
#55 /home/dev/www/test.salemhokei.loc/vendor/laravel/framework/src/Illuminate/Foundation/Http/Middleware/ValidatePostSize.php(27): Illuminate\\Routing\\Pipeline->Illuminate\\Routing\\{closure}()
#56 /home/dev/www/test.salemhokei.loc/vendor/laravel/framework/src/Illuminate/Pipeline/Pipeline.php(163): Illuminate\\Foundation\\Http\\Middleware\\ValidatePostSize->handle()
#57 /home/dev/www/test.salemhokei.loc/vendor/laravel/framework/src/Illuminate/Routing/Pipeline.php(53): Illuminate\\Pipeline\\Pipeline->Illuminate\\Pipeline\\{closure}()
#58 /home/dev/www/test.salemhokei.loc/vendor/laravel/framework/src/Illuminate/Foundation/Http/Middleware/CheckForMaintenanceMode.php(62): Illuminate\\Routing\\Pipeline->Illuminate\\Routing\\{closure}()
#59 /home/dev/www/test.salemhokei.loc/vendor/laravel/framework/src/Illuminate/Pipeline/Pipeline.php(163): Illuminate\\Foundation\\Http\\Middleware\\CheckForMaintenanceMode->handle()
#60 /home/dev/www/test.salemhokei.loc/vendor/laravel/framework/src/Illuminate/Routing/Pipeline.php(53): Illuminate\\Pipeline\\Pipeline->Illuminate\\Pipeline\\{closure}()
#61 /home/dev/www/test.salemhokei.loc/vendor/fideloper/proxy/src/TrustProxies.php(57): Illuminate\\Routing\\Pipeline->Illuminate\\Routing\\{closure}()
#62 /home/dev/www/test.salemhokei.loc/vendor/laravel/framework/src/Illuminate/Pipeline/Pipeline.php(163): Fideloper\\Proxy\\TrustProxies->handle()
#63 /home/dev/www/test.salemhokei.loc/vendor/laravel/framework/src/Illuminate/Routing/Pipeline.php(53): Illuminate\\Pipeline\\Pipeline->Illuminate\\Pipeline\\{closure}()
#64 /home/dev/www/test.salemhokei.loc/vendor/laravel/framework/src/Illuminate/Pipeline/Pipeline.php(104): Illuminate\\Routing\\Pipeline->Illuminate\\Routing\\{closure}()
#65 /home/dev/www/test.salemhokei.loc/vendor/laravel/framework/src/Illuminate/Foundation/Http/Kernel.php(151): Illuminate\\Pipeline\\Pipeline->then()
#66 /home/dev/www/test.salemhokei.loc/vendor/laravel/framework/src/Illuminate/Foundation/Http/Kernel.php(116): Illuminate\\Foundation\\Http\\Kernel->sendRequestThroughRouter()
#67 /home/dev/www/test.salemhokei.loc/public/index.php(55): Illuminate\\Foundation\\Http\\Kernel->handle()
#68 {main}
"} 
