11-08-2021 13:59:32 | Изменена запись в таблице: pages | ID: 1 |  
ID пользователя 15 

11-08-2021 13:59:29 | Добавлена запись в таблицу: pages | ID: 1 | новая страница 
ID пользователя 15 

29-07-2021 11:52:16 | Добавлена запись в таблицу: pages | ID: 1 | test 
ID пользователя 15 

29-07-2021 07:04:33 | Изменена запись в таблице: pages | ID: 1 |  
ID пользователя 15 

29-07-2021 07:03:53 | Добавлена запись в таблицу: pages | ID: 1 | test 
ID пользователя 15 

29-07-2021 06:36:25 | Добавлена запись в таблицу: pages | ID: 1 | test 
ID пользователя 15 

29-07-2021 02:53:11 | Изменена запись в таблице: pages | ID: 1 |  
ID пользователя 15 

29-07-2021 02:52:38 | Изменена запись в таблице: pages | ID: 1 |  
ID пользователя 15 

29-07-2021 02:51:27 | Изменена запись в таблице: pages | ID: 1 |  
ID пользователя 15 

29-07-2021 02:50:48 | Изменена запись в таблице: pages | ID: 1 |  
ID пользователя 15 

29-07-2021 02:48:15 | Изменена запись в таблице: pages | ID: 1 |  
ID пользователя 15 

29-07-2021 02:47:36 | Изменена запись в таблице: pages | ID: 1 |  
ID пользователя 15 

29-07-2021 02:46:36 | Изменена запись в таблице: pages | ID: 1 |  
ID пользователя 15 

29-07-2021 02:46:05 | Изменена запись в таблице: pages | ID: 1 |  
ID пользователя 15 

29-07-2021 02:45:18 | Изменена запись в таблице: pages | ID: 1 |  
ID пользователя 15 

29-07-2021 02:42:52 | Изменена запись в таблице: pages | ID: 1 |  
ID пользователя 15 

29-07-2021 02:41:27 | Изменена запись в таблице: pages | ID: 1 |  
ID пользователя 15 

29-07-2021 02:40:18 | Изменена запись в таблице: pages | ID: 1 |  
ID пользователя 15 

29-07-2021 02:29:13 | Изменена запись в таблице: pages | ID: 1 |  
ID пользователя 15 

29-07-2021 02:28:45 | 1627525725.png 
ID пользователя 15 

29-07-2021 01:16:24 | Изменена запись в таблице: pages | ID: 1 |  
ID пользователя 15 

29-07-2021 01:15:30 | Изменена запись в таблице: pages | ID: 1 |  
ID пользователя 15 

29-07-2021 01:09:50 | Добавлена запись в таблицу: pages | ID: 1 | test 
ID пользователя 15 

27-07-2021 01:56:57 | Добавлена запись в таблицу: users | ID: 15 | Трушков Михаил 
ID пользователя 14 

18-08-2020 21:46:57 | Изменена запись в таблице: articles | ID: 1 |  
ID пользователя 14 

18-08-2020 21:46:34 | Изменена запись в таблице: articles | ID: 1 |  
ID пользователя 14 

10-07-2020 18:01:42 | Добавлена запись в таблицу: section | ID: 24 | КГУ «Областная специализированная детско-юношеская школа олимпийского резерва №4» 
ID пользователя 14 

10-07-2020 18:01:41 | 1594404101.png 
ID пользователя 14 

10-07-2020 18:00:01 | Изменена запись в таблице: section | ID: 1 | Детско-юношеская спортивная школа «Барыс» 
ID пользователя 14 

10-07-2020 17:59:44 | Изменена запись в таблице: section | ID: 2 | КГУ «Специализированная детско-юношеская спортивная школа №10 по хоккею с шайбой» акимата г.Нур-Султан 
ID пользователя 14 

10-07-2020 17:58:16 | Изменена запись в таблице: section | ID: 3 | ОФ «Детская хоккейная школа «HOCKEY PLANET» 
ID пользователя 14 

10-07-2020 17:56:54 | Изменена запись в таблице: section | ID: 4 | ЧУ «Школа хоккейного мастерства «BRIGANTINA» 
ID пользователя 14 

10-07-2020 17:54:34 | Изменена запись в таблице: section | ID: 5 | Детский хоккейный клуб «ДИНАМО АЛМАТЫ» 
ID пользователя 14 

10-07-2020 17:52:45 | Изменена запись в таблице: section | ID: 6 | Хоккейный клуб «МЕДВЕДИ» 
ID пользователя 14 

10-07-2020 17:49:03 | Изменена запись в таблице: section | ID: 7 | Детский хоккейный клуб «Стрижи» 
ID пользователя 14 

10-07-2020 17:46:27 | Изменена запись в таблице: section | ID: 8 | Хоккейный клуб «RAHIMZHAN» 
ID пользователя 14 

10-07-2020 17:31:24 | Изменена запись в таблице: section | ID: 9 | ТОО «Спорт Клуб Аспан» г. Алматы 
ID пользователя 14 

10-07-2020 17:30:48 | Изменена запись в таблице: section | ID: 10 | Академия хоккея «АRLAN» имени Айгайбекова Р.Б. 
ID пользователя 14 

10-07-2020 17:28:52 | Изменена запись в таблице: section | ID: 11 | Восточно-Казахстанская областная специализированная детско-юношеская школа олимпийского резерва «TORPEDO» г. Усть-Каменогорск 
ID пользователя 14 

10-07-2020 17:27:34 | Изменена запись в таблице: section | ID: 12 | КГУ «Областная специализированная детско-юношеская школа олимпийского резерва по хоккею с шайбой» Управления физической культуры и спорта Карагандинской области 
ID пользователя 14 

10-07-2020 17:21:23 | Изменена запись в таблице: section | ID: 13 | Общественный Фонд хоккейный клуб «ПСО» г. Экибастуз 
ID пользователя 14 

10-07-2020 17:19:38 | Изменена запись в таблице: section | ID: 14 | КГУ Шымкентская городская специализированная Детско-юношеская спортивная школа олимпийского резерва №8 по зимним видам спорта г. Шымкент 
ID пользователя 14 

10-07-2020 17:17:59 | 1594401479.png 
ID пользователя 14 

10-07-2020 17:17:27 | Изменена запись в таблице: section | ID: 15 | КГУ «Детско-юношеская спортивная школа №1, отдела физической культуры и спорта города Павлодар, акимата города Павлодара 
ID пользователя 14 

10-07-2020 17:04:32 | Изменена запись в таблице: section | ID: 16 | Коммунальное государственное казенное предприятие «Детско-юношеская спортивная школа города Аксу», государственного учреждения «Отдел физической культуры и спорта города Аксу», акимата города Аксу 
ID пользователя 14 

10-07-2020 17:00:16 | Изменена запись в таблице: section | ID: 17 | КГУ «Областная специализированная детско-юношеская спортивная школа имени Казбека Байболова» КГУ «Управление физической культуры и спорта акимата Северо-Казахстанской области» 
ID пользователя 14 

10-07-2020 09:51:28 | Изменена запись в таблице: section | ID: 18 | Мангыстауская Федерация хоккея с шайбой 
ID пользователя 14 

10-07-2020 07:51:36 | Изменена запись в таблице: section | ID: 19 | КГУ Детско-юношеская спортивная школа № 5 г. Актобе 
ID пользователя 14 

10-07-2020 07:48:42 | Изменена запись в таблице: section | ID: 20 | ДКХ «BEIBARYS» 
ID пользователя 14 

10-07-2020 07:46:40 | Изменена запись в таблице: section | ID: 20 | ДКХ «BEIBARYS» 
ID пользователя 14 

10-07-2020 07:44:52 | Изменена запись в таблице: section | ID: 21 | Областная детско-юношеская спортивная школа по зимним видам спорта Управления физической культуры и спорта ЗКО 
ID пользователя 14 

10-07-2020 07:42:13 | Изменена запись в таблице: section | ID: 22 | ТОО «Профессиональный клуб «Аят» 
ID пользователя 14 

10-07-2020 06:54:54 | Изменена запись в таблице: section | ID: 22 | ТОО «Профессиональный клуб «Аят» 
ID пользователя 14 

10-07-2020 05:31:18 | Изменена запись в таблице: section | ID: 1 | Детско-юношеская спортивная школа «Барыс» 
ID пользователя 14 

10-07-2020 05:30:48 | Изменена запись в таблице: section | ID: 1 | Детско-юношеская спортивная школа «Барыс» 
ID пользователя 14 

10-07-2020 05:08:30 | Изменена запись в таблице: section | ID: 1 | Детско-юношеская спортивная школа «Барыс» г. Нур-Султан 
ID пользователя 14 

10-07-2020 04:52:39 | Изменена запись в таблице: section | ID: 1 | Детско-юношеская спортивная школа «Барыс» г. Нур-Султан 
ID пользователя 14 

10-07-2020 04:52:20 | 1594356740.png 
ID пользователя 14 

10-07-2020 04:52:03 | 1594356723.png 
ID пользователя 14 

10-07-2020 04:51:42 | 1594356702.png 
ID пользователя 14 

10-07-2020 04:35:38 | Изменена запись в таблице: section | ID: 1 | Детско-юношеская спортивная школа «Барыс» г. Нур-Султан 
ID пользователя 14 

10-07-2020 04:17:06 | Изменена запись в таблице: section | ID: 1 | Детско-юношеская спортивная школа «Барыс» г. Нур-Султан 
ID пользователя 14 

10-07-2020 04:17:04 | 1594354624.png 
ID пользователя 14 

10-07-2020 04:17:01 | 1594354621.png 
ID пользователя 14 

10-07-2020 04:16:56 | Изменена запись в таблице: section | ID: 2 | КГУ «Специализированная детско-юношеская спортивная школа №10 по хоккею с шайбой» акимата г.Нур-Султан 
ID пользователя 14 

10-07-2020 04:16:53 | 1594354613.png 
ID пользователя 14 

10-07-2020 04:16:47 | Изменена запись в таблице: section | ID: 3 | ОФ «Детская хоккейная школа «HOCKEY PLANET» 
ID пользователя 14 

10-07-2020 04:16:45 | 1594354605.jpeg 
ID пользователя 14 

10-07-2020 04:16:39 | Изменена запись в таблице: section | ID: 4 | ЧУ «Школа хоккейного мастерства «BRIGANTINA» 
ID пользователя 14 

10-07-2020 04:16:37 | 1594354597.png 
ID пользователя 14 

10-07-2020 04:16:31 | Изменена запись в таблице: section | ID: 5 | Детский хоккейный клуб «ДИНАМО АЛМАТЫ» 
ID пользователя 14 

10-07-2020 04:16:29 | 1594354589.png 
ID пользователя 14 

10-07-2020 04:16:23 | Изменена запись в таблице: section | ID: 6 | Хоккейный клуб «МЕДВЕДИ» 
ID пользователя 14 

10-07-2020 04:16:22 | 1594354582.png 
ID пользователя 14 

10-07-2020 04:16:07 | Изменена запись в таблице: section | ID: 7 | Детский хоккейный клуб «Стрижи» 
ID пользователя 14 

10-07-2020 04:16:05 | 1594354565.png 
ID пользователя 14 

10-07-2020 04:15:54 | Изменена запись в таблице: section | ID: 8 | Хоккейный клуб «RAHIMZHAN» 
ID пользователя 14 

10-07-2020 04:15:52 | 1594354552.png 
ID пользователя 14 

10-07-2020 04:15:46 | Изменена запись в таблице: section | ID: 9 | ТОО «Спорт Клуб Аспан» г. Алматы 
ID пользователя 14 

10-07-2020 04:15:44 | 1594354544.png 
ID пользователя 14 

10-07-2020 04:15:35 | Изменена запись в таблице: section | ID: 10 | Академия хоккея «АRLAN» имени Айгайбекова Р.Б. 
ID пользователя 14 

10-07-2020 04:15:34 | 1594354534.png 
ID пользователя 14 

10-07-2020 04:15:28 | Изменена запись в таблице: section | ID: 11 | Восточно-Казахстанская областная специализированная детско-юношеская школа олимпийского резерва «TORPEDO» г. Усть-Каменогорск 
ID пользователя 14 

10-07-2020 04:15:26 | 1594354526.png 
ID пользователя 14 

10-07-2020 04:15:19 | Изменена запись в таблице: section | ID: 12 | КГУ «Областная специализированная детско-юношеская школа олимпийского резерва по хоккею с шайбой» Управления физической культуры и спорта Карагандинской области 
ID пользователя 14 

10-07-2020 04:15:17 | 1594354517.png 
ID пользователя 14 

10-07-2020 04:15:11 | Изменена запись в таблице: section | ID: 13 | Общественный Фонд хоккейный клуб «ПСО» г. Экибастуз 
ID пользователя 14 

10-07-2020 04:15:09 | 1594354509.png 
ID пользователя 14 

10-07-2020 04:14:55 | Изменена запись в таблице: section | ID: 14 | КГУ Шымкентская городская специализированная Детско-юношеская спортивная школа олимпийского резерва №8 по зимним видам спорта г. Шымкент 
ID пользователя 14 

10-07-2020 04:14:53 | 1594354493.png 
ID пользователя 14 

10-07-2020 04:14:43 | Изменена запись в таблице: section | ID: 15 | КГУ «Детско-юношеская спортивная школа №1, отдела физической культуры и спорта города Павлодар, акимата города Павлодара 
ID пользователя 14 

10-07-2020 04:14:41 | 1594354481.png 
ID пользователя 14 

10-07-2020 04:14:35 | Изменена запись в таблице: section | ID: 16 | Коммунальное государственное казенное предприятие «Детско-юношеская спортивная школа города Аксу», государственного учреждения «Отдел физической культуры и спорта города Аксу», акимата города Аксу 
ID пользователя 14 

10-07-2020 04:14:33 | 1594354473.png 
ID пользователя 14 

10-07-2020 04:14:26 | Изменена запись в таблице: section | ID: 17 | КГУ «Областная специализированная детско-юношеская спортивная школа имени Казбека Байболова» КГУ «Управление физической культуры и спорта акимата Северо-Казахстанской области» 
ID пользователя 14 

10-07-2020 04:14:25 | 1594354465.png 
ID пользователя 14 

10-07-2020 04:14:17 | Изменена запись в таблице: section | ID: 18 | Мангыстауская Федерация хоккея с шайбой 
ID пользователя 14 

10-07-2020 04:14:15 | 1594354455.png 
ID пользователя 14 

10-07-2020 04:14:09 | Изменена запись в таблице: section | ID: 19 | КГУ Детско-юношеская спортивная школа № 5 г. Актобе 
ID пользователя 14 

10-07-2020 04:14:07 | 1594354447.png 
ID пользователя 14 

10-07-2020 04:13:58 | Изменена запись в таблице: section | ID: 20 | ДКХ «BEIBARYS» 
ID пользователя 14 

10-07-2020 04:13:56 | 1594354436.png 
ID пользователя 14 

10-07-2020 04:13:48 | Изменена запись в таблице: section | ID: 21 | Областная детско-юношеская спортивная школа по зимним видам спорта Управления физической культуры и спорта ЗКО 
ID пользователя 14 

10-07-2020 04:13:47 | 1594354427.png 
ID пользователя 14 

10-07-2020 04:13:35 | Изменена запись в таблице: section | ID: 22 | ТОО «Профессиональный клуб «Аят» 
ID пользователя 14 

10-07-2020 04:13:33 | 1594354413.png 
ID пользователя 14 

10-07-2020 04:12:42 | Изменена запись в таблице: section | ID: 23 | КГКП «Спортивно – оздоровительный комплекс «Қазақстан»  ГУ «Отдела физической культуры и спорта города Сатпаев» 
ID пользователя 14 

10-07-2020 04:12:39 | 1594354359.png 
ID пользователя 14 

08-07-2020 08:55:36 | 1594198536.jpeg 
ID пользователя 14 

08-07-2020 08:24:38 | Изменена запись в таблице: section | ID: 23 | КГКП «Спортивно – оздоровительный комплекс «Қазақстан»  ГУ «Отдела физической культуры и спорта города Сатпаев» 
ID пользователя 14 

08-07-2020 08:07:39 | Изменена запись в таблице: section | ID: 23 | КГКП «Спортивно – оздоровительный комплекс «Қазақстан»  ГУ «Отдела физической культуры и спорта города Сатпаев» 
ID пользователя 14 

08-07-2020 08:06:14 | Изменена запись в таблице: section | ID: 23 | КГКП «Спортивно – оздоровительный комплекс «Қазақстан»  ГУ «Отдела физической культуры и спорта города Сатпаев» 
ID пользователя 14 

08-07-2020 08:06:01 | Изменена запись в таблице: section | ID: 23 | КГКП «Спортивно – оздоровительный комплекс «Қазақстан»  ГУ «Отдела физической культуры и спорта города Сатпаев» 
ID пользователя 14 

02-07-2020 08:13:38 | Добавлена запись в таблицу: users | ID: 14 | Администратор Salem Hokei 
ID пользователя 1 

21-10-2019 09:32:19 | Изменена запись в таблице: agreements | ID: 6 | Договор #2 
ID пользователя 15 

21-10-2019 09:22:00 | Добавлена запись в таблицу: agreements | ID: 6 | Договор #2 
ID пользователя 15 

21-10-2019 09:00:29 | Изменена запись в таблице: users | ID: 19 | Мамырбеков Меир Бауржанулы 
ID пользователя 15 

21-10-2019 08:59:58 | Изменена запись в таблице: agreements | ID: 5 | Договор #2 
ID пользователя 15 

21-10-2019 08:58:38 | Добавлена запись в таблицу: agreements | ID: 5 | Договор #2 
ID пользователя 15 

21-10-2019 08:56:50 | Добавлена запись в таблицу: users | ID: 19 | Мамырбеков Меир Бауржанулы 
ID пользователя 17 

21-10-2019 04:44:28 | Изменена запись в таблице: agreements | ID: 4 | Договор #7777 
ID пользователя 17 

21-10-2019 04:41:21 | Добавлена запись в таблицу: agreements | ID: 4 | Договор #7777 
ID пользователя 17 

21-10-2019 04:26:22 | Добавлена запись в таблицу: users | ID: 18 | Альмагамбитов 
ID пользователя 17 

21-10-2019 04:22:34 | Добавлена запись в таблицу: users | ID: 17 | Администратор 
ID пользователя 15 

18-10-2019 11:42:39 | Изменена запись в таблице: users | ID: 16 | Мамырбеков Меир Бауржанулы 
ID пользователя 15 

18-10-2019 11:34:48 | Изменена запись в таблице: users | ID: 16 | Мамырбеков Меир Бауржанулы 
ID пользователя 15 

18-10-2019 11:32:51 | Изменена запись в таблице: agreements | ID: 3 | Договор #3 
ID пользователя 15 

18-10-2019 11:31:01 | Изменена запись в таблице: users | ID: 16 | Мамырбеков Меир Бауржанулы 
ID пользователя 15 

18-10-2019 11:30:30 | Изменена запись в таблице: agreements | ID: 3 | Договор #3 
ID пользователя 15 

18-10-2019 11:29:56 | Изменена запись в таблице: agreements | ID: 3 | Договор #3 
ID пользователя 15 

18-10-2019 11:27:11 | Изменена запись в таблице: agreements | ID: 3 | Договор #3 
ID пользователя 15 

18-10-2019 11:26:30 | Добавлена запись в таблицу: agreements | ID: 3 | Договор #3 
ID пользователя 15 

18-10-2019 11:14:22 | Изменена запись в таблице: users | ID: 16 | Мамырбеков Меир Бауржанулы 
ID пользователя 15 

18-10-2019 11:12:55 | Изменена запись в таблице: users | ID: 16 | Мамырбеков Меир Бауржанулы 
ID пользователя 15 

18-10-2019 11:11:53 | Изменена запись в таблице: users | ID: 16 | Мамырбеков Меир Бауржанулы 
ID пользователя 15 

18-10-2019 11:11:50 | Изменена запись в таблице: users | ID: 16 | Мамырбеков Меир Бауржанулы 
ID пользователя 15 

18-10-2019 11:09:19 | Изменена запись в таблице: users | ID: 16 | Мамырбеков Меир Бауржанулы 
ID пользователя 15 

18-10-2019 11:01:09 | Добавлена запись в таблицу: users | ID: 16 | Мамырбеков Меир Бауржанулы 
ID пользователя 15 

18-10-2019 10:44:35 | Добавлена запись в таблицу: agreements | ID: 2 | Договор #2 
ID пользователя 15 

17-10-2019 11:53:04 | Изменена запись в таблице: users | ID: 14 | Мамырбеков Меир 
ID пользователя 15 

17-10-2019 11:50:54 | Изменена запись в таблице: users | ID: 14 | Мамырбеков Меир 
ID пользователя 15 

17-10-2019 11:47:35 | Изменена запись в таблице: users | ID: 14 | Мамырбеков Меир 
ID пользователя 15 

17-10-2019 11:46:47 | Изменена запись в таблице: users | ID: 14 | Мамырбеков Меир 
ID пользователя 15 

17-10-2019 11:46:43 | Изменена запись в таблице: users | ID: 14 | Мамырбеков Меир 
ID пользователя 15 

17-10-2019 11:44:20 | Изменена запись в таблице: users | ID: 14 | Мамырбеков Меир 
ID пользователя 15 

17-10-2019 11:36:55 | Изменена запись в таблице: users | ID: 14 | Мамырбеков Меир 
ID пользователя 15 

17-10-2019 11:36:37 | Изменена запись в таблице: users | ID: 14 | Мамырбеков Меир 
ID пользователя 15 

17-10-2019 11:35:36 | Изменена запись в таблице: users | ID: 14 | Мамырбеков Меир 
ID пользователя 15 
